[2025-12-09 17:23:36] root: INFO: Starting Flye 2.9.6-b1802
[2025-12-09 17:23:36] root: DEBUG: Cmd: /usr/local/bin/flye --nano-raw /farmshare/home/classes/bios/270/data/project1/SRR33251867.fastq --out-dir /farmshare/user_data/llima23/repos/BIOS270-AU25/Writeups/writeup5/k_pneu --threads 32
[2025-12-09 17:23:36] root: DEBUG: Python version: 3.10.12 (main, Aug 15 2025, 14:32:43) [GCC 11.4.0]
[2025-12-09 17:23:36] root: INFO: >>>STAGE: configure
[2025-12-09 17:23:36] root: INFO: Configuring run
[2025-12-09 17:23:52] root: INFO: Total read length: 516402850
[2025-12-09 17:23:52] root: INFO: Reads N50/N90: 11762 / 2043
[2025-12-09 17:23:52] root: INFO: Minimum overlap set to 2000
[2025-12-09 17:23:52] root: INFO: >>>STAGE: assembly
[2025-12-09 17:23:52] root: INFO: Assembling disjointigs
[2025-12-09 17:23:52] root: DEBUG: -----Begin assembly log------
[2025-12-09 17:23:52] root: DEBUG: Running: flye-modules assemble --reads /farmshare/home/classes/bios/270/data/project1/SRR33251867.fastq --out-asm /farmshare/user_data/llima23/repos/BIOS270-AU25/Writeups/writeup5/k_pneu/00-assembly/draft_assembly.fasta --config /opt/Flye-2.9.6/flye/config/bin_cfg/asm_raw_reads.cfg --log /farmshare/user_data/llima23/repos/BIOS270-AU25/Writeups/writeup5/k_pneu/flye.log --threads 32 --min-ovlp 2000
[2025-12-09 17:23:52] DEBUG: Build date: Nov  5 2025 04:51:12
[2025-12-09 17:23:52] DEBUG: Total RAM: 187 Gb
[2025-12-09 17:23:52] DEBUG: Available RAM: 137 Gb
[2025-12-09 17:23:52] DEBUG: Total CPUs: 80
[2025-12-09 17:23:52] DEBUG: Loading /opt/Flye-2.9.6/flye/config/bin_cfg/asm_raw_reads.cfg
[2025-12-09 17:23:52] DEBUG: Loading /opt/Flye-2.9.6/flye/config/bin_cfg/asm_defaults.cfg
[2025-12-09 17:23:52] DEBUG: 	big_genome_threshold=29000000
[2025-12-09 17:23:52] DEBUG: 	meta_read_filter_kmer_freq=100
[2025-12-09 17:23:52] DEBUG: 	chain_large_gap_penalty=2
[2025-12-09 17:23:52] DEBUG: 	chain_small_gap_penalty=0.5
[2025-12-09 17:23:52] DEBUG: 	chain_gap_jump_threshold=100
[2025-12-09 17:23:52] DEBUG: 	max_jump_gap=500
[2025-12-09 17:23:52] DEBUG: 	max_coverage_drop_rate=5
[2025-12-09 17:23:52] DEBUG: 	max_extensions_drop_rate=5
[2025-12-09 17:23:52] DEBUG: 	chimera_window=100
[2025-12-09 17:23:52] DEBUG: 	chimera_overhang=1000
[2025-12-09 17:23:52] DEBUG: 	min_reads_in_disjointig=4
[2025-12-09 17:23:52] DEBUG: 	max_inner_reads=10
[2025-12-09 17:23:52] DEBUG: 	max_inner_fraction=0.25
[2025-12-09 17:23:52] DEBUG: 	aggressive_dup_filter=1
[2025-12-09 17:23:52] DEBUG: 	max_separation=500
[2025-12-09 17:23:52] DEBUG: 	unique_edge_length=50000
[2025-12-09 17:23:52] DEBUG: 	min_repeat_res_support=0.51
[2025-12-09 17:23:52] DEBUG: 	out_paths_ratio=5
[2025-12-09 17:23:52] DEBUG: 	graph_cov_drop_rate=5
[2025-12-09 17:23:52] DEBUG: 	coverage_estimate_window=100
[2025-12-09 17:23:52] DEBUG: 	max_bubble_length=50000
[2025-12-09 17:23:52] DEBUG: 	loop_coverage_rate=1.5
[2025-12-09 17:23:52] DEBUG: 	repeat_edge_cov_mult=1.75
[2025-12-09 17:23:52] DEBUG: 	weak_detach_rate=5
[2025-12-09 17:23:52] DEBUG: 	tip_coverage_rate=2
[2025-12-09 17:23:52] DEBUG: 	tip_length_rate=2
[2025-12-09 17:23:52] DEBUG: 	output_gfa_before_rr=1
[2025-12-09 17:23:52] DEBUG: 	remove_alt_edges=0
[2025-12-09 17:23:52] DEBUG: 	low_cutoff_warning=1
[2025-12-09 17:23:52] DEBUG: 	kmer_size=17
[2025-12-09 17:23:52] DEBUG: 	use_minimizers=0
[2025-12-09 17:23:52] DEBUG: 	reads_base_alignment=0
[2025-12-09 17:23:52] DEBUG: 	meta_read_top_kmer_rate=0.40
[2025-12-09 17:23:52] DEBUG: 	maximum_jump=1500
[2025-12-09 17:23:52] DEBUG: 	maximum_overhang=1500
[2025-12-09 17:23:52] DEBUG: 	repeat_kmer_rate=100
[2025-12-09 17:23:52] DEBUG: 	assemble_ovlp_divergence=0.10
[2025-12-09 17:23:52] DEBUG: 	assemble_divergence_relative=1
[2025-12-09 17:23:52] DEBUG: 	repeat_graph_ovlp_divergence=0.08
[2025-12-09 17:23:52] DEBUG: 	read_align_ovlp_divergence=0.25
[2025-12-09 17:23:52] DEBUG: 	hpc_scoring_on=0
[2025-12-09 17:23:52] DEBUG: 	add_unassembled_reads=0
[2025-12-09 17:23:52] DEBUG: 	extend_contigs_with_repeats=0
[2025-12-09 17:23:52] DEBUG: 	min_read_cov_cutoff=3
[2025-12-09 17:23:52] DEBUG: 	short_tip_length=20000
[2025-12-09 17:23:52] DEBUG: 	long_tip_length=100000
[2025-12-09 17:23:52] DEBUG: Running with k-mer size: 17
[2025-12-09 17:23:52] DEBUG: Running with minimum overlap 2000
[2025-12-09 17:23:52] DEBUG: Metagenome mode: N
[2025-12-09 17:23:52] DEBUG: Short mode: N
[2025-12-09 17:23:52] INFO: Reading sequences
[2025-12-09 17:23:54] DEBUG: Building positional index
[2025-12-09 17:23:54] DEBUG: Total sequence: 465962753 bp
[2025-12-09 17:23:59] INFO: Counting k-mers:
[2025-12-09 17:24:36] DEBUG: Updating k-mer histogram
[2025-12-09 17:25:47] DEBUG: Hash size: 5401245
[2025-12-09 17:25:47] DEBUG: Total k-mers 57332998
[2025-12-09 17:25:47] INFO: Filling index table (1/2)
[2025-12-09 17:26:46] DEBUG: Mean k-mer frequency: 48.0328
[2025-12-09 17:26:46] DEBUG: Repetitive k-mer frequency: 4803
[2025-12-09 17:26:46] DEBUG: Filtered 16679095 repetitive k-mers (0.085347)
[2025-12-09 17:26:47] INFO: Filling index table (2/2)
[2025-12-09 17:27:46] DEBUG: Sorting k-mer index
[2025-12-09 17:27:47] DEBUG: Selected k-mers: 4511456
[2025-12-09 17:27:47] DEBUG: Index size: 178527611
[2025-12-09 17:27:47] DEBUG: Mean k-mer index frequency: 39.5721
[2025-12-09 17:27:47] DEBUG: Peak RAM usage: 9 Gb
[2025-12-09 17:27:47] DEBUG: Estimating k-mer identity bias
[2025-12-09 17:28:21] DEBUG: Initial divergence estimate : 0.0459051
[2025-12-09 17:28:21] DEBUG: Relative threshold: Y
[2025-12-09 17:28:21] DEBUG: Max divergence threshold set to 0.145905
[2025-12-09 17:28:21] INFO: Extending reads
[2025-12-09 17:28:21] DEBUG: Estimating overlap coverage
[2025-12-09 17:30:17] INFO: Overlap-based coverage: 71
[2025-12-09 17:30:17] INFO: Median overlap divergence: 0.0510109
[2025-12-09 17:30:17] DEBUG: Sequence divergence distribution: 

    |          **                 |                                                                      
    |          **                 |                                                                      
    |          **                 |                                                                      
    |         ***                 |                                                                      
    |         ***                 |                                                                      
    |         ****                |                                                                      
    |         ****                |                                                                      
    |      *  ****                |                                                                      
    |    *** *****                |                                                                      
    |    *********                |                                                                      
    |    *********                |                                                                      
    |    *********                |                                                                      
    |   ***********               |                                                                      
    |   ***********               |                                                                      
    |   ***********               |                                                                      
    |   *************             |                                                                      
    |   **************            |                                                                      
    |  ****************           |                                                                      
    |  *******************        |                                                                      
    | ******************************* ** * ** ******************    **                                   
    ----------------------------------------------------------------------------------------------------
    0%        5%        10%       15%       20%       25%       30%       35%       40%       45%       

    Q25 = 0.034, Q50 = 0.051, Q75 = 0.064

[2025-12-09 17:30:23] DEBUG: Assembled disjointig 1
	With 9 reads
	Start read: +SRR33251867.41162
	At position: 5
	leftTip: 0 rightTip: 0
	Suspicious: 0
	Short ext: 0
	Mean extensions: 28
	Avg overlap len: 3283
	Min overlap len: 2888
	Inner reads: 0
	Length: 18305
[2025-12-09 17:30:23] DEBUG: Inner: 356 covered: 426 total: 111724
[2025-12-09 17:39:44] DEBUG: Assembled disjointig 2
	With 572 reads
	Start read: +SRR33251867.535
	At position: 528
	leftTip: 0 rightTip: 0
	Suspicious: 15
	Short ext: 1
	Mean extensions: 53
	Avg overlap len: 36947
	Min overlap len: 1409
	Inner reads: 0
	Length: 5269909
[2025-12-09 17:39:45] DEBUG: Inner: 84652 covered: 81680 total: 111724
[2025-12-09 17:39:45] DEBUG: Discarded disjointig with 574 reads and 567 inner overlaps
[2025-12-09 17:39:45] DEBUG: Discarded disjointig with 593 reads and 580 inner overlaps
[2025-12-09 17:39:45] DEBUG: Discarded disjointig with 158 reads and 156 inner overlaps
[2025-12-09 17:39:46] DEBUG: Discarded disjointig with 419 reads and 417 inner overlaps
[2025-12-09 17:39:47] DEBUG: Discarded disjointig with 325 reads and 322 inner overlaps
[2025-12-09 17:39:51] DEBUG: Discarded disjointig with 290 reads and 275 inner overlaps
[2025-12-09 17:39:54] DEBUG: Discarded disjointig with 542 reads and 518 inner overlaps
[2025-12-09 17:39:54] DEBUG: Discarded disjointig with 211 reads and 209 inner overlaps
[2025-12-09 17:40:00] DEBUG: Discarded disjointig with 135 reads and 128 inner overlaps
[2025-12-09 17:40:16] DEBUG: Discarded disjointig with 372 reads and 370 inner overlaps
[2025-12-09 17:40:17] DEBUG: Discarded disjointig with 176 reads and 169 inner overlaps
[2025-12-09 17:40:19] DEBUG: Discarded disjointig with 190 reads and 175 inner overlaps
[2025-12-09 17:40:20] DEBUG: Discarded disjointig with 266 reads and 250 inner overlaps
[2025-12-09 17:40:22] DEBUG: Discarded disjointig with 161 reads and 159 inner overlaps
[2025-12-09 17:40:26] DEBUG: Discarded disjointig with 181 reads and 173 inner overlaps
[2025-12-09 17:40:28] DEBUG: Discarded disjointig with 284 reads and 268 inner overlaps
[2025-12-09 17:40:29] DEBUG: Discarded disjointig with 178 reads and 171 inner overlaps
[2025-12-09 17:40:30] DEBUG: Discarded disjointig with 25 reads and 21 inner overlaps
[2025-12-09 17:40:32] DEBUG: Assembled disjointig 3
	With 4 reads
	Start read: +SRR33251867.101608
	At position: 3
	leftTip: 1 rightTip: 1
	Suspicious: 2
	Short ext: 1
	Mean extensions: 8
	Avg overlap len: 2002
	Min overlap len: 1874
	Inner reads: 0
	Length: 7937
[2025-12-09 17:40:32] DEBUG: Inner: 84740 covered: 82236 total: 111724
[2025-12-09 17:40:34] DEBUG: Discarded disjointig with 236 reads and 223 inner overlaps
[2025-12-09 17:40:38] DEBUG: Discarded disjointig with 437 reads and 418 inner overlaps
[2025-12-09 17:40:50] DEBUG: Assembled disjointig 4
	With 14 reads
	Start read: +SRR33251867.108624
	At position: 13
	leftTip: 0 rightTip: 0
	Suspicious: 6
	Short ext: 0
	Mean extensions: 10
	Avg overlap len: 7597
	Min overlap len: 2428
	Inner reads: 0
	Length: 62570
[2025-12-09 17:40:50] DEBUG: Inner: 84898 covered: 82490 total: 111724
[2025-12-09 17:40:52] DEBUG: Discarded disjointig with 53 reads and 50 inner overlaps
[2025-12-09 17:40:55] DEBUG: Discarded disjointig with 575 reads and 551 inner overlaps
[2025-12-09 17:40:57] DEBUG: Discarded disjointig with 76 reads and 70 inner overlaps
[2025-12-09 17:41:07] DEBUG: Discarded disjointig with 411 reads and 393 inner overlaps
[2025-12-09 17:41:16] DEBUG: Discarded disjointig with 538 reads and 514 inner overlaps
[2025-12-09 17:41:16] DEBUG: Discarded disjointig with 415 reads and 397 inner overlaps
[2025-12-09 17:41:22] DEBUG: Discarded disjointig with 61 reads and 57 inner overlaps
[2025-12-09 17:41:26] DEBUG: Discarded disjointig with 199 reads and 186 inner overlaps
[2025-12-09 17:41:28] DEBUG: Discarded disjointig with 411 reads and 393 inner overlaps
[2025-12-09 17:41:30] DEBUG: Discarded disjointig with 557 reads and 533 inner overlaps
[2025-12-09 17:41:33] DEBUG: Assembled disjointig 5
	With 26 reads
	Start read: +SRR33251867.38094
	At position: 23
	leftTip: 0 rightTip: 0
	Suspicious: 2
	Short ext: 1
	Mean extensions: 35
	Avg overlap len: 22522
	Min overlap len: 1489
	Inner reads: 0
	Length: 245500
[2025-12-09 17:41:33] DEBUG: Inner: 86510 covered: 84428 total: 111724
[2025-12-09 17:41:33] DEBUG: Discarded disjointig with 27 reads and 23 inner overlaps
[2025-12-09 17:41:33] DEBUG: Discarded disjointig with 13 reads and 9 inner overlaps
[2025-12-09 17:41:34] DEBUG: Discarded disjointig with 6 reads and 3 inner overlaps
[2025-12-09 17:41:34] DEBUG: Discarded disjointig with 6 reads and 2 inner overlaps
[2025-12-09 17:41:34] DEBUG: Discarded disjointig with 7 reads and 4 inner overlaps
[2025-12-09 17:41:34] DEBUG: Discarded disjointig with 13 reads and 10 inner overlaps
[2025-12-09 17:41:34] DEBUG: Discarded disjointig with 600 reads and 576 inner overlaps
[2025-12-09 17:41:34] DEBUG: Discarded disjointig with 12 reads and 9 inner overlaps
[2025-12-09 17:41:34] DEBUG: Discarded disjointig with 9 reads and 5 inner overlaps
[2025-12-09 17:41:34] DEBUG: Discarded disjointig with 9 reads and 5 inner overlaps
[2025-12-09 17:41:35] DEBUG: Discarded disjointig with 12 reads and 5 inner overlaps
[2025-12-09 17:41:35] DEBUG: Discarded disjointig with 7 reads and 4 inner overlaps
[2025-12-09 17:41:35] DEBUG: Discarded disjointig with 20 reads and 16 inner overlaps
[2025-12-09 17:41:35] DEBUG: Discarded disjointig with 16 reads and 13 inner overlaps
[2025-12-09 17:41:35] DEBUG: Discarded disjointig with 11 reads and 8 inner overlaps
[2025-12-09 17:41:35] DEBUG: Discarded disjointig with 8 reads and 4 inner overlaps
[2025-12-09 17:41:36] DEBUG: Discarded disjointig with 6 reads and 4 inner overlaps
[2025-12-09 17:41:36] DEBUG: Discarded disjointig with 9 reads and 5 inner overlaps
[2025-12-09 17:41:36] DEBUG: Discarded disjointig with 22 reads and 18 inner overlaps
[2025-12-09 17:41:36] DEBUG: Discarded disjointig with 19 reads and 15 inner overlaps
[2025-12-09 17:41:36] DEBUG: Discarded disjointig with 10 reads and 5 inner overlaps
[2025-12-09 17:41:36] DEBUG: Discarded disjointig with 8 reads and 5 inner overlaps
[2025-12-09 17:41:37] DEBUG: Discarded disjointig with 19 reads and 15 inner overlaps
[2025-12-09 17:41:37] DEBUG: Discarded disjointig with 9 reads and 5 inner overlaps
[2025-12-09 17:41:37] DEBUG: Discarded disjointig with 16 reads and 13 inner overlaps
[2025-12-09 17:41:38] DEBUG: Discarded disjointig with 8 reads and 4 inner overlaps
[2025-12-09 17:41:39] DEBUG: Discarded disjointig with 10 reads and 4 inner overlaps
[2025-12-09 17:41:39] DEBUG: Discarded disjointig with 12 reads and 6 inner overlaps
[2025-12-09 17:41:42] DEBUG: Discarded disjointig with 11 reads and 4 inner overlaps
[2025-12-09 17:41:45] DEBUG: Discarded disjointig with 6 reads and 2 inner overlaps
[2025-12-09 17:44:03] INFO: Assembled 5 disjointigs
[2025-12-09 17:44:03] INFO: Generating sequence
[2025-12-09 17:44:04] DEBUG: Building positional index
[2025-12-09 17:44:04] DEBUG: Total sequence: 5603555 bp
[2025-12-09 17:44:06] DEBUG: Mean k-mer frequency: 1.04069
[2025-12-09 17:44:06] DEBUG: Repetitive k-mer frequency: 104
[2025-12-09 17:44:06] DEBUG: Filtered 280 repetitive k-mers (4.9969e-05)
[2025-12-09 17:44:08] DEBUG: Sorting k-mer index
[2025-12-09 17:44:08] DEBUG: Selected k-mers: 5384382
[2025-12-09 17:44:08] DEBUG: K-mer index size: 5603190
[2025-12-09 17:44:08] DEBUG: Mean k-mer frequency: 1.04064
[2025-12-09 17:44:08] DEBUG: Minimizer rate: 1.00007
[2025-12-09 17:44:08] INFO: Filtering contained disjointigs
[2025-12-09 17:44:11] DEBUG: Computing transitive closure for overlaps
[2025-12-09 17:44:11] DEBUG: Found 12 overlaps
[2025-12-09 17:44:11] DEBUG: Left 12 overlaps after filtering
[2025-12-09 17:44:11] INFO: Contained seqs: 0
[2025-12-09 17:44:11] DEBUG: Writing FASTA
[2025-12-09 17:44:11] DEBUG: Peak RAM usage: 9 Gb
-----------End assembly log------------
[2025-12-09 17:44:12] root: DEBUG: Disjointigs length: 5603555, N50: 5269504
[2025-12-09 17:44:12] root: INFO: >>>STAGE: consensus
[2025-12-09 17:44:12] root: INFO: Running Minimap2
[2025-12-09 17:48:04] root: INFO: Computing consensus
[2025-12-09 17:49:20] root: INFO: Alignment error rate: 0.036094
[2025-12-09 17:49:20] root: INFO: >>>STAGE: repeat
[2025-12-09 17:49:20] root: INFO: Building and resolving repeat graph
[2025-12-09 17:49:20] root: DEBUG: -----Begin repeat analyser log------
[2025-12-09 17:49:20] root: DEBUG: Running: flye-modules repeat --disjointigs /farmshare/user_data/llima23/repos/BIOS270-AU25/Writeups/writeup5/k_pneu/10-consensus/consensus.fasta --reads /farmshare/home/classes/bios/270/data/project1/SRR33251867.fastq --out-dir /farmshare/user_data/llima23/repos/BIOS270-AU25/Writeups/writeup5/k_pneu/20-repeat --config /opt/Flye-2.9.6/flye/config/bin_cfg/asm_raw_reads.cfg --log /farmshare/user_data/llima23/repos/BIOS270-AU25/Writeups/writeup5/k_pneu/flye.log --threads 32 --min-ovlp 2000
[2025-12-09 17:49:20] DEBUG: Build date: Nov  5 2025 04:52:21
[2025-12-09 17:49:20] DEBUG: Total RAM: 187 Gb
[2025-12-09 17:49:20] DEBUG: Available RAM: 136 Gb
[2025-12-09 17:49:20] DEBUG: Total CPUs: 80
[2025-12-09 17:49:20] DEBUG: Loading /opt/Flye-2.9.6/flye/config/bin_cfg/asm_raw_reads.cfg
[2025-12-09 17:49:20] DEBUG: Loading /opt/Flye-2.9.6/flye/config/bin_cfg/asm_defaults.cfg
[2025-12-09 17:49:20] DEBUG: 	big_genome_threshold=29000000
[2025-12-09 17:49:20] DEBUG: 	meta_read_filter_kmer_freq=100
[2025-12-09 17:49:20] DEBUG: 	chain_large_gap_penalty=2
[2025-12-09 17:49:20] DEBUG: 	chain_small_gap_penalty=0.5
[2025-12-09 17:49:20] DEBUG: 	chain_gap_jump_threshold=100
[2025-12-09 17:49:20] DEBUG: 	max_jump_gap=500
[2025-12-09 17:49:20] DEBUG: 	max_coverage_drop_rate=5
[2025-12-09 17:49:20] DEBUG: 	max_extensions_drop_rate=5
[2025-12-09 17:49:20] DEBUG: 	chimera_window=100
[2025-12-09 17:49:20] DEBUG: 	chimera_overhang=1000
[2025-12-09 17:49:20] DEBUG: 	min_reads_in_disjointig=4
[2025-12-09 17:49:20] DEBUG: 	max_inner_reads=10
[2025-12-09 17:49:20] DEBUG: 	max_inner_fraction=0.25
[2025-12-09 17:49:20] DEBUG: 	aggressive_dup_filter=1
[2025-12-09 17:49:20] DEBUG: 	max_separation=500
[2025-12-09 17:49:20] DEBUG: 	unique_edge_length=50000
[2025-12-09 17:49:20] DEBUG: 	min_repeat_res_support=0.51
[2025-12-09 17:49:20] DEBUG: 	out_paths_ratio=5
[2025-12-09 17:49:20] DEBUG: 	graph_cov_drop_rate=5
[2025-12-09 17:49:20] DEBUG: 	coverage_estimate_window=100
[2025-12-09 17:49:20] DEBUG: 	max_bubble_length=50000
[2025-12-09 17:49:20] DEBUG: 	loop_coverage_rate=1.5
[2025-12-09 17:49:20] DEBUG: 	repeat_edge_cov_mult=1.75
[2025-12-09 17:49:20] DEBUG: 	weak_detach_rate=5
[2025-12-09 17:49:20] DEBUG: 	tip_coverage_rate=2
[2025-12-09 17:49:20] DEBUG: 	tip_length_rate=2
[2025-12-09 17:49:20] DEBUG: 	output_gfa_before_rr=1
[2025-12-09 17:49:20] DEBUG: 	remove_alt_edges=0
[2025-12-09 17:49:20] DEBUG: 	low_cutoff_warning=1
[2025-12-09 17:49:20] DEBUG: 	kmer_size=17
[2025-12-09 17:49:20] DEBUG: 	use_minimizers=0
[2025-12-09 17:49:20] DEBUG: 	reads_base_alignment=0
[2025-12-09 17:49:20] DEBUG: 	meta_read_top_kmer_rate=0.40
[2025-12-09 17:49:20] DEBUG: 	maximum_jump=1500
[2025-12-09 17:49:20] DEBUG: 	maximum_overhang=1500
[2025-12-09 17:49:20] DEBUG: 	repeat_kmer_rate=100
[2025-12-09 17:49:20] DEBUG: 	assemble_ovlp_divergence=0.10
[2025-12-09 17:49:20] DEBUG: 	assemble_divergence_relative=1
[2025-12-09 17:49:20] DEBUG: 	repeat_graph_ovlp_divergence=0.08
[2025-12-09 17:49:20] DEBUG: 	read_align_ovlp_divergence=0.25
[2025-12-09 17:49:20] DEBUG: 	hpc_scoring_on=0
[2025-12-09 17:49:20] DEBUG: 	add_unassembled_reads=0
[2025-12-09 17:49:20] DEBUG: 	extend_contigs_with_repeats=0
[2025-12-09 17:49:20] DEBUG: 	min_read_cov_cutoff=3
[2025-12-09 17:49:20] DEBUG: 	short_tip_length=20000
[2025-12-09 17:49:20] DEBUG: 	long_tip_length=100000
[2025-12-09 17:49:20] DEBUG: Running with k-mer size: 17
[2025-12-09 17:49:20] DEBUG: Selected minimum overlap 2000
[2025-12-09 17:49:20] DEBUG: Metagenome mode: N
[2025-12-09 17:49:20] INFO: Parsing disjointigs
[2025-12-09 17:49:20] DEBUG: Building positional index
[2025-12-09 17:49:20] DEBUG: Total sequence: 5608829 bp
[2025-12-09 17:49:20] INFO: Building repeat graph
[2025-12-09 17:49:23] DEBUG: Mean k-mer frequency: 1.04722
[2025-12-09 17:49:23] DEBUG: Repetitive k-mer frequency: 104
[2025-12-09 17:49:23] DEBUG: Filtered 0 repetitive k-mers (0)
[2025-12-09 17:49:24] DEBUG: Sorting k-mer index
[2025-12-09 17:49:24] DEBUG: Selected k-mers: 5355834
[2025-12-09 17:49:24] DEBUG: K-mer index size: 5608744
[2025-12-09 17:49:24] DEBUG: Mean k-mer frequency: 1.04722
[2025-12-09 17:49:24] DEBUG: Minimizer rate: 1.00002
[2025-12-09 17:49:27] DEBUG: Computing transitive closure for overlaps
[2025-12-09 17:49:27] DEBUG: Found 414 overlaps
[2025-12-09 17:49:27] DEBUG: Left 172 overlaps after filtering
[2025-12-09 17:49:27] INFO: Median overlap divergence: 0.146218
[2025-12-09 17:49:27] DEBUG: Sequence divergence distribution: 

    |     *          |                                                                                   
    |     *          |                                                                                   
    |*    *          |                                                                                   
    |*    *          |                                                                                   
    |*    *          |                                                                                   
    |* *  *          |                                                                                   
    |* *  *          |                                                                                   
    |* *  *          |                                                                                   
    |* ** *          |                             *                     *                               
    |* ** *          |                             *                     *                               
    |* ** *          |                             *                     *                               
    |* ** *   *      |                             * *                   *                               
    |* ** *   *      |                             * *                   *                               
    |* ** *   *      |                             * *                   *                               
    |**** *   *      |                  *  *     *** *   *      *    * * *                               
    |**** *   *      |                  *  *     *** *   *      *    * * *                               
    |**** *   *      |                  *  *     *** *   *      *    * * *                               
    |**** **  *      |            *     *  *     *** *   *      *    * * *                               
    |**** **  *      |            *     *  *     *** *   *      *    * * *                               
    |**** **  *      |            *     *  *     *** *   *      *    * * *                               
    ----------------------------------------------------------------------------------------------------
    0%        5%        10%       15%       20%       25%       30%       35%       40%       45%       

    Q25 = 0.017, Q50 = 0.15, Q75 = 0.24

[2025-12-09 17:49:27] DEBUG: Computing gluepoints
[2025-12-09 17:49:27] DEBUG: Added 0 gluepoint projections
[2025-12-09 17:49:27] DEBUG: Created 136 gluepoints
[2025-12-09 17:49:27] DEBUG: Artificial loops removed: 0 left, 0 right, 0 both
[2025-12-09 17:49:27] DEBUG: Initializing edges
[2025-12-09 17:49:27] DEBUG: Edges length checksum: 3596177617
[2025-12-09 17:49:27] DEBUG: Filtered 0 singleton segments
[2025-12-09 17:49:27] DEBUG: Removed 0 simple and 0 double chimeric junctions
[2025-12-09 17:49:27] DEBUG: Collapsed 5 edges
[2025-12-09 17:49:27] DEBUG: *	37	+disjointig_1	8385	18196	9811	
[2025-12-09 17:49:27] DEBUG: *	3	+disjointig_2	0	9191	9191	
[2025-12-09 17:49:27] DEBUG:  	4	+disjointig_2	9191	19891	10700	
[2025-12-09 17:49:27] DEBUG: *	6	+disjointig_2	19891	20860	969	
[2025-12-09 17:49:27] DEBUG:  	-7	+disjointig_2	20860	23442	2582	
[2025-12-09 17:49:27] DEBUG:  	-4	+disjointig_2	23442	34360	10918	
[2025-12-09 17:49:27] DEBUG: *	5	+disjointig_2	34360	170711	136351	
[2025-12-09 17:49:27] DEBUG:  	9	+disjointig_2	170711	173149	2438	
[2025-12-09 17:49:27] DEBUG: *	-10	+disjointig_2	173149	869840	696691	
[2025-12-09 17:49:27] DEBUG:  	9	+disjointig_2	869840	872278	2438	
[2025-12-09 17:49:27] DEBUG: *	11	+disjointig_2	872278	875951	3673	
[2025-12-09 17:49:27] DEBUG:  	12	+disjointig_2	875951	878439	2488	
[2025-12-09 17:49:27] DEBUG: *	14	+disjointig_2	878439	2502787	1624348	
[2025-12-09 17:49:27] DEBUG:  	16	+disjointig_2	2502787	2508255	5468	
[2025-12-09 17:49:27] DEBUG: *	24	+disjointig_2	2508255	2722728	214473	
[2025-12-09 17:49:27] DEBUG:  	26	+disjointig_2	2722728	2726071	3343	
[2025-12-09 17:49:27] DEBUG: *	-22	+disjointig_2	2726071	2870176	144105	
[2025-12-09 17:49:27] DEBUG:  	16	+disjointig_2	2870176	2875586	5410	
[2025-12-09 17:49:27] DEBUG: *	25	+disjointig_2	2875586	3006923	131337	
[2025-12-09 17:49:27] DEBUG:  	-26	+disjointig_2	3006923	3010272	3349	
[2025-12-09 17:49:27] DEBUG: *	-21	+disjointig_2	3010272	3246807	236535	
[2025-12-09 17:49:27] DEBUG:  	16	+disjointig_2	3246807	3252213	5406	
[2025-12-09 17:49:27] DEBUG: *	-20	+disjointig_2	3252213	3291685	39472	
[2025-12-09 17:49:27] DEBUG:  	16	+disjointig_2	3291685	3297289	5604	
[2025-12-09 17:49:27] DEBUG: *	-19	+disjointig_2	3297289	3383762	86473	
[2025-12-09 17:49:27] DEBUG:  	16	+disjointig_2	3383762	3389258	5496	
[2025-12-09 17:49:27] DEBUG: *	-18	+disjointig_2	3389258	3483032	93774	
[2025-12-09 17:49:27] DEBUG:  	16	+disjointig_2	3483032	3488445	5413	
[2025-12-09 17:49:27] DEBUG: *	23	+disjointig_2	3488445	3989042	500597	
[2025-12-09 17:49:27] DEBUG:  	-16	+disjointig_2	3989042	3994098	5056	
[2025-12-09 17:49:27] DEBUG: *	17	+disjointig_2	3994098	4750815	756717	
[2025-12-09 17:49:27] DEBUG:  	-16	+disjointig_2	4750815	4756277	5462	
[2025-12-09 17:49:27] DEBUG: *	-8	+disjointig_2	4756277	5262659	506382	
[2025-12-09 17:49:27] DEBUG:  	-7	+disjointig_2	5262659	5265302	2643	
[2025-12-09 17:49:27] DEBUG:  	-4	+disjointig_2	5265302	5276211	10909	
[2025-12-09 17:49:27] DEBUG:  	27	+disjointig_3	53	7833	7780	
[2025-12-09 17:49:27] DEBUG:  	29	+disjointig_4	4288	7806	3518	
[2025-12-09 17:49:27] DEBUG:  	39	+disjointig_4	7806	26637	18831	
[2025-12-09 17:49:27] DEBUG: *	30	+disjointig_4	26637	28070	1433	
[2025-12-09 17:49:27] DEBUG:  	-29	+disjointig_4	28070	31592	3522	
[2025-12-09 17:49:27] DEBUG:  	-39	+disjointig_4	31592	50387	18795	
[2025-12-09 17:49:27] DEBUG:  	-29	+disjointig_4	50387	53911	3524	
[2025-12-09 17:49:27] DEBUG:  	34	+disjointig_5	2831	6833	4002	
[2025-12-09 17:49:27] DEBUG: *	-38	+disjointig_5	6833	125799	118966	
[2025-12-09 17:49:27] DEBUG:  	-12	+disjointig_5	125799	128287	2488	
[2025-12-09 17:49:27] DEBUG: *	13	+disjointig_5	128287	171038	42751	
[2025-12-09 17:49:27] DEBUG:  	34	+disjointig_5	171038	175034	3996	
[2025-12-09 17:49:27] DEBUG: *	40	+disjointig_5	175034	192000	16966	
[2025-12-09 17:49:27] DEBUG:  	34	+disjointig_5	192000	196002	4002	
[2025-12-09 17:49:27] DEBUG: Total edges: 40
[2025-12-09 17:49:27] INFO: Parsing reads
[2025-12-09 17:49:29] DEBUG: Building positional index
[2025-12-09 17:49:29] DEBUG: Total sequence: 516402850 bp
[2025-12-09 17:49:29] DEBUG: Building positional index
[2025-12-09 17:49:29] DEBUG: Total sequence: 5536596 bp
[2025-12-09 17:49:29] INFO: Aligning reads to the graph
[2025-12-09 17:49:30] DEBUG: Mean k-mer frequency: 1.03531
[2025-12-09 17:49:30] DEBUG: Repetitive k-mer frequency: 103
[2025-12-09 17:49:30] DEBUG: Filtered 0 repetitive k-mers (0)
[2025-12-09 17:49:31] DEBUG: Sorting k-mer index
[2025-12-09 17:49:31] DEBUG: Selected k-mers: 5346938
[2025-12-09 17:49:31] DEBUG: K-mer index size: 5535746
[2025-12-09 17:49:31] DEBUG: Mean k-mer frequency: 1.03531
[2025-12-09 17:49:31] DEBUG: Minimizer rate: 1.00015
[2025-12-09 17:50:48] DEBUG: Total reads : 55862
[2025-12-09 17:50:48] DEBUG: Read with aligned parts : 43101
[2025-12-09 17:50:48] DEBUG: Aligned in one piece : 41974
[2025-12-09 17:50:48] INFO: Aligned read sequence: 415671809 / 465962753 (0.892071)
[2025-12-09 17:50:48] INFO: Median overlap divergence: 0.00634432
[2025-12-09 17:50:48] DEBUG: Sequence divergence distribution: 

    | *                                                |                                                 
    | *                                                |                                                 
    | *                                                |                                                 
    | *                                                |                                                 
    | *                                                |                                                 
    | *                                                |                                                 
    | *                                                |                                                 
    | *                                                |                                                 
    | *                                                |                                                 
    |**                                                |                                                 
    |**                                                |                                                 
    |**                                                |                                                 
    |**                                                |                                                 
    |**                                                |                                                 
    |**                                                |                                                 
    |***                                               |                                                 
    |***                                               |                                                 
    |***                                               |                                                 
    |****                                              |                                                 
    |************************ **** ** *** *********** **   * ** *   *                                    
    ----------------------------------------------------------------------------------------------------
    0%        5%        10%       15%       20%       25%       30%       35%       40%       45%       

    Q25 = 0.0049, Q50 = 0.0063, Q75 = 0.0093

[2025-12-09 17:50:48] INFO: Mean edge coverage: 75
[2025-12-09 17:50:48] DEBUG: 3	len:9191	cov:18	mult:0.24
[2025-12-09 17:50:48] DEBUG: -3	len:9191	cov:18	mult:0.24
[2025-12-09 17:50:48] DEBUG: 4	len:10842	cov:29	mult:0.386667
[2025-12-09 17:50:48] DEBUG: -4	len:10842	cov:29	mult:0.386667
[2025-12-09 17:50:48] DEBUG: 5	len:136351	cov:58	mult:0.773333
[2025-12-09 17:50:48] DEBUG: -5	len:136351	cov:58	mult:0.773333
[2025-12-09 17:50:48] DEBUG: 6	len:969	cov:2	mult:0.0266667
[2025-12-09 17:50:48] DEBUG: -6	len:969	cov:2	mult:0.0266667
[2025-12-09 17:50:48] DEBUG: 7	len:2612	cov:41	mult:0.546667
[2025-12-09 17:50:48] DEBUG: -7	len:2612	cov:41	mult:0.546667
[2025-12-09 17:50:48] DEBUG: 8	len:506382	cov:76	mult:1.01333
[2025-12-09 17:50:48] DEBUG: -8	len:506382	cov:76	mult:1.01333
[2025-12-09 17:50:48] DEBUG: 9	len:2438	cov:129	mult:1.72
[2025-12-09 17:50:48] DEBUG: -9	len:2438	cov:129	mult:1.72
[2025-12-09 17:50:48] DEBUG: 10	len:696691	cov:65	mult:0.866667
[2025-12-09 17:50:48] DEBUG: -10	len:696691	cov:65	mult:0.866667
[2025-12-09 17:50:48] DEBUG: 11	len:3673	cov:64	mult:0.853333
[2025-12-09 17:50:48] DEBUG: -11	len:3673	cov:64	mult:0.853333
[2025-12-09 17:50:48] DEBUG: 12	len:2488	cov:85	mult:1.13333
[2025-12-09 17:50:48] DEBUG: -12	len:2488	cov:85	mult:1.13333
[2025-12-09 17:50:48] DEBUG: 13	len:42751	cov:39	mult:0.52
[2025-12-09 17:50:48] DEBUG: -13	len:42751	cov:39	mult:0.52
[2025-12-09 17:50:48] DEBUG: 14	len:1624348	cov:70	mult:0.933333
[2025-12-09 17:50:48] DEBUG: -14	len:1624348	cov:70	mult:0.933333
[2025-12-09 17:50:48] DEBUG: 16	len:5414	cov:621	mult:8.28
[2025-12-09 17:50:48] DEBUG: -16	len:5414	cov:621	mult:8.28
[2025-12-09 17:50:48] DEBUG: 17	len:756717	cov:83	mult:1.10667
[2025-12-09 17:50:48] DEBUG: -17	len:756717	cov:83	mult:1.10667
[2025-12-09 17:50:48] DEBUG: 18	len:93774	cov:92	mult:1.22667
[2025-12-09 17:50:48] DEBUG: -18	len:93774	cov:92	mult:1.22667
[2025-12-09 17:50:48] DEBUG: 19	len:86473	cov:87	mult:1.16
[2025-12-09 17:50:48] DEBUG: -19	len:86473	cov:87	mult:1.16
[2025-12-09 17:50:48] DEBUG: 20	len:39472	cov:86	mult:1.14667
[2025-12-09 17:50:48] DEBUG: -20	len:39472	cov:86	mult:1.14667
[2025-12-09 17:50:48] DEBUG: 21	len:236535	cov:94	mult:1.25333
[2025-12-09 17:50:48] DEBUG: -21	len:236535	cov:94	mult:1.25333
[2025-12-09 17:50:48] DEBUG: 22	len:144105	cov:84	mult:1.12
[2025-12-09 17:50:48] DEBUG: -22	len:144105	cov:84	mult:1.12
[2025-12-09 17:50:48] DEBUG: 23	len:500597	cov:89	mult:1.18667
[2025-12-09 17:50:48] DEBUG: -23	len:500597	cov:89	mult:1.18667
[2025-12-09 17:50:48] DEBUG: 24	len:214473	cov:84	mult:1.12
[2025-12-09 17:50:48] DEBUG: -24	len:214473	cov:84	mult:1.12
[2025-12-09 17:50:48] DEBUG: 25	len:131337	cov:90	mult:1.2
[2025-12-09 17:50:48] DEBUG: -25	len:131337	cov:90	mult:1.2
[2025-12-09 17:50:48] DEBUG: 26	len:3346	cov:173	mult:2.30667
[2025-12-09 17:50:48] DEBUG: -26	len:3346	cov:173	mult:2.30667
[2025-12-09 17:50:48] DEBUG: 27	len:3890	cov:32	mult:0.426667
[2025-12-09 17:50:48] DEBUG: -27	len:3890	cov:32	mult:0.426667
[2025-12-09 17:50:48] DEBUG: 29	len:3521	cov:22	mult:0.293333
[2025-12-09 17:50:48] DEBUG: -29	len:3521	cov:22	mult:0.293333
[2025-12-09 17:50:48] DEBUG: 30	len:1433	cov:2	mult:0.0266667
[2025-12-09 17:50:48] DEBUG: -30	len:1433	cov:2	mult:0.0266667
[2025-12-09 17:50:48] DEBUG: 34	len:4000	cov:105	mult:1.4
[2025-12-09 17:50:48] DEBUG: -34	len:4000	cov:105	mult:1.4
[2025-12-09 17:50:48] DEBUG: 37	len:9811	cov:71	mult:0.946667
[2025-12-09 17:50:48] DEBUG: -37	len:9811	cov:71	mult:0.946667
[2025-12-09 17:50:48] DEBUG: 38	len:118966	cov:53	mult:0.706667
[2025-12-09 17:50:48] DEBUG: -38	len:118966	cov:53	mult:0.706667
[2025-12-09 17:50:48] DEBUG: 39	len:18813	cov:25	mult:0.333333
[2025-12-09 17:50:48] DEBUG: -39	len:18813	cov:25	mult:0.333333
[2025-12-09 17:50:48] DEBUG: 40	len:16966	cov:44	mult:0.586667
[2025-12-09 17:50:48] DEBUG: -40	len:16966	cov:44	mult:0.586667
[2025-12-09 17:50:48] DEBUG: Unique coverage threshold 152
[2025-12-09 17:50:48] INFO: Simplifying the graph
[2025-12-09 17:50:48] DEBUG: Read coverage cutoff: 15
[2025-12-09 17:50:48] DEBUG: [SIMPL] Removed 0 paths with low coverage
[2025-12-09 17:50:48] DEBUG: [SIMPL] Masked 0 heterozygous loops
[2025-12-09 17:50:48] DEBUG: [SIMPL] Masked 0 simple bubbles
[2025-12-09 17:50:48] DEBUG: Finding repeats
[2025-12-09 17:50:48] DEBUG: Read coverage cutoff: 15
[2025-12-09 17:50:48] DEBUG: Low-coverage: 6 2
[2025-12-09 17:50:48] DEBUG: Low-coverage: 30 2
[2025-12-09 17:50:48] DEBUG: High-cov: 16	5414	621
[2025-12-09 17:50:48] DEBUG: High-cov: 26	3346	173
[2025-12-09 17:50:48] DEBUG: Short-loop: 27
[2025-12-09 17:50:48] DEBUG: Tandem: 34
[2025-12-09 17:50:48] DEBUG: Repeat detection iteration 1
[2025-12-09 17:50:48] DEBUG: Starting 9 aln:147
[2025-12-09 17:50:48] DEBUG: 	      11	num:62	flank:20360	span:3
[2025-12-09 17:50:48] DEBUG: 	      -10	num:62	flank:25546	span:5
[2025-12-09 17:50:48] DEBUG: Starting -9 aln:147
[2025-12-09 17:50:48] DEBUG: 	      10	num:56	flank:19617	span:1
[2025-12-09 17:50:48] DEBUG: 	      -5	num:55	flank:23115	span:2
[2025-12-09 17:50:48] DEBUG: Mult: 9	2438	129	 (1,1)
[2025-12-09 17:50:48] DEBUG: Starting 12 aln:105
[2025-12-09 17:50:48] DEBUG: 	      38	num:37	flank:27025	span:2
[2025-12-09 17:50:48] DEBUG: 	      14	num:41	flank:16953	span:3
[2025-12-09 17:50:48] DEBUG: Starting -12 aln:105
[2025-12-09 17:50:48] DEBUG: 	      13	num:35	flank:29514	span:0
[2025-12-09 17:50:48] DEBUG: 	      -11	num:50	flank:16699	span:2
[2025-12-09 17:50:48] DEBUG: Mult: 12	2488	85	 (1,1)
[2025-12-09 17:50:48] DEBUG: Starting -4 aln:68
[2025-12-09 17:50:48] DEBUG: 	    T -3	num:10	flank:6699	span:3
[2025-12-09 17:50:48] DEBUG: 	      5	num:26	flank:15197	span:1
[2025-12-09 17:50:48] DEBUG: Mult: 4	10842	29	 (1,0)
[2025-12-09 17:50:48] DEBUG: Writing Dot
[2025-12-09 17:50:48] DEBUG: Writing FASTA
[2025-12-09 17:50:48] DEBUG: Writing Gfa
[2025-12-09 17:50:49] DEBUG: [SIMPL] == Iteration 1 ==
[2025-12-09 17:50:49] DEBUG: Splitting nodes
[2025-12-09 17:50:49] DEBUG: [SIMPL] Split 0 nodes
[2025-12-09 17:50:49] DEBUG: Tip -3 len:9191 cov:18
[2025-12-09 17:50:49] DEBUG: [SIMPL] Clipped 1 short and 0 long tips
[2025-12-09 17:50:49] DEBUG: [SIMPL] Masked 0 heterozygous loops
[2025-12-09 17:50:49] DEBUG: [SIMPL] Masked 0 simple bubbles
[2025-12-09 17:50:49] DEBUG: Finding repeats
[2025-12-09 17:50:49] DEBUG: Read coverage cutoff: 15
[2025-12-09 17:50:49] DEBUG: Low-coverage: 6 2
[2025-12-09 17:50:49] DEBUG: Low-coverage: 30 2
[2025-12-09 17:50:49] DEBUG: High-cov: 16	5414	621
[2025-12-09 17:50:49] DEBUG: High-cov: 26	3346	173
[2025-12-09 17:50:49] DEBUG: Short-loop: 27
[2025-12-09 17:50:49] DEBUG: Tandem: 34
[2025-12-09 17:50:49] DEBUG: Repeat detection iteration 1
[2025-12-09 17:50:49] DEBUG: Starting 9 aln:147
[2025-12-09 17:50:49] DEBUG: 	      11	num:62	flank:20360	span:3
[2025-12-09 17:50:49] DEBUG: 	      -10	num:62	flank:25546	span:5
[2025-12-09 17:50:49] DEBUG: Starting -9 aln:147
[2025-12-09 17:50:49] DEBUG: 	      10	num:56	flank:19617	span:1
[2025-12-09 17:50:49] DEBUG: 	      -5	num:55	flank:23115	span:2
[2025-12-09 17:50:49] DEBUG: Mult: 9	2438	129	 (1,1)
[2025-12-09 17:50:49] DEBUG: Starting 12 aln:105
[2025-12-09 17:50:49] DEBUG: 	      38	num:37	flank:27025	span:2
[2025-12-09 17:50:49] DEBUG: 	      14	num:41	flank:16953	span:3
[2025-12-09 17:50:49] DEBUG: Starting -12 aln:105
[2025-12-09 17:50:49] DEBUG: 	      13	num:35	flank:29514	span:0
[2025-12-09 17:50:49] DEBUG: 	      -11	num:50	flank:16699	span:2
[2025-12-09 17:50:49] DEBUG: Mult: 12	2488	85	 (1,1)
[2025-12-09 17:50:49] DEBUG: Total unique edges: 23
[2025-12-09 17:50:49] DEBUG: 	Connection -29	-39	20	1
[2025-12-09 17:50:49] DEBUG: 	Connection -40	-13	34	1
[2025-12-09 17:50:49] DEBUG: 	Connection -38	13	22	1
[2025-12-09 17:50:49] DEBUG: 	Connection -10	11	45	1
[2025-12-09 17:50:49] DEBUG: 	Connection 21	-25	59	1
[2025-12-09 17:50:49] DEBUG: 	Connection -22	25	31	1
[2025-12-09 17:50:49] DEBUG: 	Connection -14	-11	36	1
[2025-12-09 17:50:49] DEBUG: 	Connection -17	-23	46	1
[2025-12-09 17:50:49] DEBUG: 	Connection -24	-14	37	1
[2025-12-09 17:50:49] DEBUG: 	Connection 17	-8	36	1
[2025-12-09 17:50:49] DEBUG: 	Connection 18	19	47	1
[2025-12-09 17:50:49] DEBUG: 	Connection 29	39	24	1
[2025-12-09 17:50:49] DEBUG: 	Connection 5	-10	43	1
[2025-12-09 17:50:49] DEBUG: 	Connection 24	-22	48	1
[2025-12-09 17:50:49] DEBUG: 	Connection -18	23	47	1
[2025-12-09 17:50:49] DEBUG: 	Connection 19	20	42	1
[2025-12-09 17:50:49] DEBUG: 	Connection 40	-38	28	1
[2025-12-09 17:50:49] DEBUG: 	Connection -8	-7	41	0.987952
[2025-12-09 17:50:49] DEBUG: 	Connection -7	-4	35	0.985915
[2025-12-09 17:50:49] DEBUG: 	Connection -21	-20	39	1
[2025-12-09 17:50:49] DEBUG: [SIMPL] Resolved repeats: 20
[2025-12-09 17:50:49] DEBUG: RR links: 1522
[2025-12-09 17:50:49] DEBUG: Unresolved: 0
[2025-12-09 17:50:49] DEBUG: Removed 0 simple and 0 double chimeric junctions
[2025-12-09 17:50:49] DEBUG: [SIMPL] == Iteration 2 ==
[2025-12-09 17:50:49] DEBUG: Splitting nodes
[2025-12-09 17:50:49] DEBUG: [SIMPL] Split 0 nodes
[2025-12-09 17:50:49] DEBUG: [SIMPL] Clipped 0 short and 0 long tips
[2025-12-09 17:50:49] DEBUG: [SIMPL] Masked 0 heterozygous loops
[2025-12-09 17:50:49] DEBUG: [SIMPL] Masked 0 simple bubbles
[2025-12-09 17:50:49] DEBUG: Finding repeats
[2025-12-09 17:50:49] DEBUG: Read coverage cutoff: 15
[2025-12-09 17:50:49] DEBUG: Low-coverage: 6 2
[2025-12-09 17:50:49] DEBUG: Low-coverage: 30 2
[2025-12-09 17:50:49] DEBUG: Short-loop: 27
[2025-12-09 17:50:49] DEBUG: Repeat detection iteration 1
[2025-12-09 17:50:49] DEBUG: Total unique edges: 39
[2025-12-09 17:50:49] DEBUG: [SIMPL] Resolved repeats: 0
[2025-12-09 17:50:49] DEBUG: RR links: 0
[2025-12-09 17:50:49] DEBUG: Unresolved: 0
[2025-12-09 17:50:49] DEBUG: Removed 0 simple and 0 double chimeric junctions
[2025-12-09 17:50:49] DEBUG: [SIMPL] Collapsed 0 haplotypes
[2025-12-09 17:50:49] DEBUG: [SIMPL] Resolved 0 simple repeats
[2025-12-09 17:50:49] DEBUG: Read coverage cutoff: 15
[2025-12-09 17:50:49] DEBUG: [SIMPL] Removed 2 paths with low coverage
[2025-12-09 17:50:49] DEBUG: Finding repeats
[2025-12-09 17:50:49] DEBUG: Read coverage cutoff: 15
[2025-12-09 17:50:49] DEBUG: Short-loop: 27
[2025-12-09 17:50:49] DEBUG: Repeat detection iteration 1
[2025-12-09 17:50:49] DEBUG: Writing Dot
[2025-12-09 17:50:49] DEBUG: Writing FASTA
[2025-12-09 17:50:49] DEBUG: Peak RAM usage: 0 Gb
-----------End assembly log------------
[2025-12-09 17:50:50] root: INFO: >>>STAGE: contigger
[2025-12-09 17:50:50] root: INFO: Generating contigs
[2025-12-09 17:50:50] root: DEBUG: -----Begin contigger analyser log------
[2025-12-09 17:50:50] root: DEBUG: Running: flye-modules contigger --graph-edges /farmshare/user_data/llima23/repos/BIOS270-AU25/Writeups/writeup5/k_pneu/20-repeat/repeat_graph_edges.fasta --reads /farmshare/home/classes/bios/270/data/project1/SRR33251867.fastq --out-dir /farmshare/user_data/llima23/repos/BIOS270-AU25/Writeups/writeup5/k_pneu/30-contigger --config /opt/Flye-2.9.6/flye/config/bin_cfg/asm_raw_reads.cfg --repeat-graph /farmshare/user_data/llima23/repos/BIOS270-AU25/Writeups/writeup5/k_pneu/20-repeat/repeat_graph_dump --graph-aln /farmshare/user_data/llima23/repos/BIOS270-AU25/Writeups/writeup5/k_pneu/20-repeat/read_alignment_dump --log /farmshare/user_data/llima23/repos/BIOS270-AU25/Writeups/writeup5/k_pneu/flye.log --threads 32 --min-ovlp 2000
[2025-12-09 17:50:50] DEBUG: Build date: Nov  5 2025 04:53:01
[2025-12-09 17:50:50] DEBUG: Total RAM: 187 Gb
[2025-12-09 17:50:50] DEBUG: Available RAM: 137 Gb
[2025-12-09 17:50:50] DEBUG: Total CPUs: 80
[2025-12-09 17:50:50] DEBUG: Loading /opt/Flye-2.9.6/flye/config/bin_cfg/asm_raw_reads.cfg
[2025-12-09 17:50:50] DEBUG: Loading /opt/Flye-2.9.6/flye/config/bin_cfg/asm_defaults.cfg
[2025-12-09 17:50:50] DEBUG: 	big_genome_threshold=29000000
[2025-12-09 17:50:50] DEBUG: 	meta_read_filter_kmer_freq=100
[2025-12-09 17:50:50] DEBUG: 	chain_large_gap_penalty=2
[2025-12-09 17:50:50] DEBUG: 	chain_small_gap_penalty=0.5
[2025-12-09 17:50:50] DEBUG: 	chain_gap_jump_threshold=100
[2025-12-09 17:50:50] DEBUG: 	max_jump_gap=500
[2025-12-09 17:50:50] DEBUG: 	max_coverage_drop_rate=5
[2025-12-09 17:50:50] DEBUG: 	max_extensions_drop_rate=5
[2025-12-09 17:50:50] DEBUG: 	chimera_window=100
[2025-12-09 17:50:50] DEBUG: 	chimera_overhang=1000
[2025-12-09 17:50:50] DEBUG: 	min_reads_in_disjointig=4
[2025-12-09 17:50:50] DEBUG: 	max_inner_reads=10
[2025-12-09 17:50:50] DEBUG: 	max_inner_fraction=0.25
[2025-12-09 17:50:50] DEBUG: 	aggressive_dup_filter=1
[2025-12-09 17:50:50] DEBUG: 	max_separation=500
[2025-12-09 17:50:50] DEBUG: 	unique_edge_length=50000
[2025-12-09 17:50:50] DEBUG: 	min_repeat_res_support=0.51
[2025-12-09 17:50:50] DEBUG: 	out_paths_ratio=5
[2025-12-09 17:50:50] DEBUG: 	graph_cov_drop_rate=5
[2025-12-09 17:50:50] DEBUG: 	coverage_estimate_window=100
[2025-12-09 17:50:50] DEBUG: 	max_bubble_length=50000
[2025-12-09 17:50:50] DEBUG: 	loop_coverage_rate=1.5
[2025-12-09 17:50:50] DEBUG: 	repeat_edge_cov_mult=1.75
[2025-12-09 17:50:50] DEBUG: 	weak_detach_rate=5
[2025-12-09 17:50:50] DEBUG: 	tip_coverage_rate=2
[2025-12-09 17:50:50] DEBUG: 	tip_length_rate=2
[2025-12-09 17:50:50] DEBUG: 	output_gfa_before_rr=1
[2025-12-09 17:50:50] DEBUG: 	remove_alt_edges=0
[2025-12-09 17:50:50] DEBUG: 	low_cutoff_warning=1
[2025-12-09 17:50:50] DEBUG: 	kmer_size=17
[2025-12-09 17:50:50] DEBUG: 	use_minimizers=0
[2025-12-09 17:50:50] DEBUG: 	reads_base_alignment=0
[2025-12-09 17:50:50] DEBUG: 	meta_read_top_kmer_rate=0.40
[2025-12-09 17:50:50] DEBUG: 	maximum_jump=1500
[2025-12-09 17:50:50] DEBUG: 	maximum_overhang=1500
[2025-12-09 17:50:50] DEBUG: 	repeat_kmer_rate=100
[2025-12-09 17:50:50] DEBUG: 	assemble_ovlp_divergence=0.10
[2025-12-09 17:50:50] DEBUG: 	assemble_divergence_relative=1
[2025-12-09 17:50:50] DEBUG: 	repeat_graph_ovlp_divergence=0.08
[2025-12-09 17:50:50] DEBUG: 	read_align_ovlp_divergence=0.25
[2025-12-09 17:50:50] DEBUG: 	hpc_scoring_on=0
[2025-12-09 17:50:50] DEBUG: 	add_unassembled_reads=0
[2025-12-09 17:50:50] DEBUG: 	extend_contigs_with_repeats=0
[2025-12-09 17:50:50] DEBUG: 	min_read_cov_cutoff=3
[2025-12-09 17:50:50] DEBUG: 	short_tip_length=20000
[2025-12-09 17:50:50] DEBUG: 	long_tip_length=100000
[2025-12-09 17:50:50] DEBUG: Running with k-mer size: 17
[2025-12-09 17:50:50] DEBUG: Selected minimum overlap 2000
[2025-12-09 17:50:50] INFO: Reading sequences
[2025-12-09 17:50:51] DEBUG: Building positional index
[2025-12-09 17:50:51] DEBUG: Total sequence: 516402850 bp
[2025-12-09 17:50:52] DEBUG: Flipped 0
[2025-12-09 17:50:52] DEBUG: UPath 1: 3
[2025-12-09 17:50:52] DEBUG: UPath 2: 7 -> 8 -> -50 -> -17 -> 48 -> -23 -> 55 -> 18 -> 51 -> 19 -> 56 -> 20 -> -60 -> 21 -> 45 -> -25 -> -46 -> 22 -> -54 -> -24 -> -49 -> -14 -> 47 -> -11 -> 44 -> 10 -> 53 -> -5 -> 4
[2025-12-09 17:50:52] DEBUG: UPath 3: -42 -> 40 -> 57 -> -38 -> 43 -> 13
[2025-12-09 17:50:52] DEBUG: UPath 4: 27
[2025-12-09 17:50:52] DEBUG: UPath 5: 39 -> 29
[2025-12-09 17:50:52] DEBUG: UPath 6: 37
[2025-12-09 17:50:52] DEBUG: Final graph contains 6 egdes
[2025-12-09 17:50:52] DEBUG: Extending contigs into repeats
[2025-12-09 17:50:52] DEBUG: Covered 0 repetitive contigs
[2025-12-09 17:50:52] INFO: Generated 6 contigs
[2025-12-09 17:50:52] DEBUG: Writing FASTA
[2025-12-09 17:50:52] DEBUG: Generating scaffold connections
[2025-12-09 17:50:52] INFO: Added 0 scaffold connections
[2025-12-09 17:50:52] DEBUG: Writing Dot
[2025-12-09 17:50:52] DEBUG: Writing FASTA
[2025-12-09 17:50:52] DEBUG: Writing Gfa
[2025-12-09 17:50:52] DEBUG: Peak RAM usage: 0 Gb
-----------End assembly log------------
[2025-12-09 17:50:52] root: INFO: >>>STAGE: polishing
[2025-12-09 17:50:53] root: INFO: Polishing genome (1/1)
[2025-12-09 17:50:53] root: INFO: Running minimap2
[2025-12-09 17:51:35] root: INFO: Separating alignment into bubbles
[2025-12-09 17:53:02] root: DEBUG: Generated 379976 bubbles
[2025-12-09 17:53:02] root: DEBUG: Split 0 long bubbles
[2025-12-09 17:53:02] root: DEBUG: Skipped 3 empty bubbles
[2025-12-09 17:53:02] root: DEBUG: Skipped 0 bubbles with long branches
[2025-12-09 17:53:02] root: INFO: Alignment error rate: 0.023096
[2025-12-09 17:53:02] root: INFO: Correcting bubbles
[2025-12-09 17:53:59] root: DEBUG: Mean contig coverage: 87, selected threshold: 17
[2025-12-09 17:53:59] root: DEBUG: Filtered 1 contigs of total length 9023
[2025-12-09 17:53:59] root: DEBUG: Generating polished GFA
[2025-12-09 17:54:03] root: DEBUG: 0 sequences remained unpolished
[2025-12-09 17:54:03] root: INFO: >>>STAGE: finalize
[2025-12-09 17:54:04] root: DEBUG: ---Output dir contents:----
[2025-12-09 17:54:04] root: DEBUG: k_pneu/
[2025-12-09 17:54:04] root: DEBUG:     5.0 M       assembly.fasta
[2025-12-09 17:54:04] root: DEBUG:     990.0 B     assembly_graph.gv
[2025-12-09 17:54:04] root: DEBUG:     46.0 K      flye.log
[2025-12-09 17:54:04] root: DEBUG:     5.0 M       assembly_graph.gfa
[2025-12-09 17:54:04] root: DEBUG:     92.0 B      params.json
[2025-12-09 17:54:04] root: DEBUG:     20-repeat/
[2025-12-09 17:54:04] root: DEBUG:         11.0 M      read_alignment_dump
[2025-12-09 17:54:04] root: DEBUG:         8.0 K       repeat_graph_dump
[2025-12-09 17:54:04] root: DEBUG:         4.0 K       graph_after_rr.gv
[2025-12-09 17:54:04] root: DEBUG:         5.0 M       graph_before_rr.gfa
[2025-12-09 17:54:04] root: DEBUG:         5.0 M       repeat_graph_edges.fasta
[2025-12-09 17:54:04] root: DEBUG:         5.0 M       graph_before_rr.fasta
[2025-12-09 17:54:04] root: DEBUG:         4.0 K       graph_before_rr.gv
[2025-12-09 17:54:04] root: DEBUG:     00-assembly/
[2025-12-09 17:54:04] root: DEBUG:         160.0 B     draft_assembly.fasta.fai
[2025-12-09 17:54:04] root: DEBUG:         5.0 M       draft_assembly.fasta
[2025-12-09 17:54:04] root: DEBUG:     10-consensus/
[2025-12-09 17:54:04] root: DEBUG:         984.0 B     minimap.stderr
[2025-12-09 17:54:04] root: DEBUG:         103.0 K     minimap.bam.csi
[2025-12-09 17:54:04] root: DEBUG:         5.0 M       consensus.fasta
[2025-12-09 17:54:04] root: DEBUG:     30-contigger/
[2025-12-09 17:54:04] root: DEBUG:         0.0 B       scaffolds_links.txt
[2025-12-09 17:54:04] root: DEBUG:         275.0 B     contigs_stats.txt
[2025-12-09 17:54:04] root: DEBUG:         990.0 B     graph_final.gv
[2025-12-09 17:54:04] root: DEBUG:         5.0 M       graph_final.gfa
[2025-12-09 17:54:04] root: DEBUG:         5.0 M       graph_final.fasta
[2025-12-09 17:54:04] root: DEBUG:         5.0 M       contigs.fasta
[2025-12-09 17:54:04] root: DEBUG:         166.0 B     contigs.fasta.fai
[2025-12-09 17:54:04] root: DEBUG:     40-polishing/
[2025-12-09 17:54:04] root: DEBUG:         5.0 M       polished_edges.gfa
[2025-12-09 17:54:04] root: DEBUG:         951.0 B     minimap.stderr
[2025-12-09 17:54:04] root: DEBUG:         5.0 M       filtered_contigs.fasta
[2025-12-09 17:54:04] root: DEBUG:         134.0 B     contigs_stats.txt
[2025-12-09 17:54:04] root: DEBUG:         100.0 K     minimap_1.bam.csi
[2025-12-09 17:54:04] root: DEBUG:         1.0 M       base_coverage.bed.gz
[2025-12-09 17:54:04] root: DEBUG:         184.0 B     edges_aln.bam.csi
[2025-12-09 17:54:04] root: DEBUG:         141.0 B     filtered_contigs.fasta.fai
[2025-12-09 17:54:04] root: DEBUG:         117.0 B     filtered_stats.txt
[2025-12-09 17:54:04] root: DEBUG: --------------------------
[2025-12-09 17:54:04] root: INFO: Assembly statistics:

	Total length:	5467424
	Fragments:	5
	Fragments N50:	5241985
	Largest frg:	5241985
	Scaffolds:	0
	Mean coverage:	87

[2025-12-09 17:54:04] root: INFO: Final assembly: /farmshare/user_data/llima23/repos/BIOS270-AU25/Writeups/writeup5/k_pneu/assembly.fasta
