[2025-12-07 01:23:24] root: INFO: Starting Flye 2.9.6-b1802
[2025-12-07 01:23:24] root: DEBUG: Cmd: /usr/local/bin/flye --nano-raw /farmshare/home/classes/bios/270/data/project1/SRR33251869.fastq --out-dir /farmshare/user_data/llima23/repos/BIOS270-AU25/Writeups/writeup5/ecoli_flye_out --threads 32
[2025-12-07 01:23:24] root: DEBUG: Python version: 3.10.12 (main, Aug 15 2025, 14:32:43) [GCC 11.4.0]
[2025-12-07 01:23:24] root: INFO: >>>STAGE: configure
[2025-12-07 01:23:24] root: INFO: Configuring run
[2025-12-07 01:23:37] root: INFO: Total read length: 392310711
[2025-12-07 01:23:37] root: INFO: Reads N50/N90: 11324 / 1467
[2025-12-07 01:23:37] root: INFO: Minimum overlap set to 1000
[2025-12-07 01:23:37] root: INFO: >>>STAGE: assembly
[2025-12-07 01:23:37] root: INFO: Assembling disjointigs
[2025-12-07 01:23:37] root: DEBUG: -----Begin assembly log------
[2025-12-07 01:23:37] root: DEBUG: Running: flye-modules assemble --reads /farmshare/home/classes/bios/270/data/project1/SRR33251869.fastq --out-asm /farmshare/user_data/llima23/repos/BIOS270-AU25/Writeups/writeup5/ecoli_flye_out/00-assembly/draft_assembly.fasta --config /opt/Flye-2.9.6/flye/config/bin_cfg/asm_raw_reads.cfg --log /farmshare/user_data/llima23/repos/BIOS270-AU25/Writeups/writeup5/ecoli_flye_out/flye.log --threads 32 --min-ovlp 1000
[2025-12-07 01:23:37] DEBUG: Build date: Nov  5 2025 04:51:12
[2025-12-07 01:23:37] DEBUG: Total RAM: 187 Gb
[2025-12-07 01:23:37] DEBUG: Available RAM: 121 Gb
[2025-12-07 01:23:37] DEBUG: Total CPUs: 80
[2025-12-07 01:23:37] DEBUG: Loading /opt/Flye-2.9.6/flye/config/bin_cfg/asm_raw_reads.cfg
[2025-12-07 01:23:37] DEBUG: Loading /opt/Flye-2.9.6/flye/config/bin_cfg/asm_defaults.cfg
[2025-12-07 01:23:37] DEBUG: 	big_genome_threshold=29000000
[2025-12-07 01:23:37] DEBUG: 	meta_read_filter_kmer_freq=100
[2025-12-07 01:23:37] DEBUG: 	chain_large_gap_penalty=2
[2025-12-07 01:23:37] DEBUG: 	chain_small_gap_penalty=0.5
[2025-12-07 01:23:37] DEBUG: 	chain_gap_jump_threshold=100
[2025-12-07 01:23:37] DEBUG: 	max_jump_gap=500
[2025-12-07 01:23:37] DEBUG: 	max_coverage_drop_rate=5
[2025-12-07 01:23:37] DEBUG: 	max_extensions_drop_rate=5
[2025-12-07 01:23:37] DEBUG: 	chimera_window=100
[2025-12-07 01:23:37] DEBUG: 	chimera_overhang=1000
[2025-12-07 01:23:37] DEBUG: 	min_reads_in_disjointig=4
[2025-12-07 01:23:37] DEBUG: 	max_inner_reads=10
[2025-12-07 01:23:37] DEBUG: 	max_inner_fraction=0.25
[2025-12-07 01:23:37] DEBUG: 	aggressive_dup_filter=1
[2025-12-07 01:23:37] DEBUG: 	max_separation=500
[2025-12-07 01:23:37] DEBUG: 	unique_edge_length=50000
[2025-12-07 01:23:37] DEBUG: 	min_repeat_res_support=0.51
[2025-12-07 01:23:37] DEBUG: 	out_paths_ratio=5
[2025-12-07 01:23:37] DEBUG: 	graph_cov_drop_rate=5
[2025-12-07 01:23:37] DEBUG: 	coverage_estimate_window=100
[2025-12-07 01:23:37] DEBUG: 	max_bubble_length=50000
[2025-12-07 01:23:37] DEBUG: 	loop_coverage_rate=1.5
[2025-12-07 01:23:37] DEBUG: 	repeat_edge_cov_mult=1.75
[2025-12-07 01:23:37] DEBUG: 	weak_detach_rate=5
[2025-12-07 01:23:37] DEBUG: 	tip_coverage_rate=2
[2025-12-07 01:23:37] DEBUG: 	tip_length_rate=2
[2025-12-07 01:23:37] DEBUG: 	output_gfa_before_rr=1
[2025-12-07 01:23:37] DEBUG: 	remove_alt_edges=0
[2025-12-07 01:23:37] DEBUG: 	low_cutoff_warning=1
[2025-12-07 01:23:37] DEBUG: 	kmer_size=17
[2025-12-07 01:23:37] DEBUG: 	use_minimizers=0
[2025-12-07 01:23:37] DEBUG: 	reads_base_alignment=0
[2025-12-07 01:23:37] DEBUG: 	meta_read_top_kmer_rate=0.40
[2025-12-07 01:23:37] DEBUG: 	maximum_jump=1500
[2025-12-07 01:23:37] DEBUG: 	maximum_overhang=1500
[2025-12-07 01:23:37] DEBUG: 	repeat_kmer_rate=100
[2025-12-07 01:23:37] DEBUG: 	assemble_ovlp_divergence=0.10
[2025-12-07 01:23:37] DEBUG: 	assemble_divergence_relative=1
[2025-12-07 01:23:37] DEBUG: 	repeat_graph_ovlp_divergence=0.08
[2025-12-07 01:23:37] DEBUG: 	read_align_ovlp_divergence=0.25
[2025-12-07 01:23:37] DEBUG: 	hpc_scoring_on=0
[2025-12-07 01:23:37] DEBUG: 	add_unassembled_reads=0
[2025-12-07 01:23:37] DEBUG: 	extend_contigs_with_repeats=0
[2025-12-07 01:23:37] DEBUG: 	min_read_cov_cutoff=3
[2025-12-07 01:23:37] DEBUG: 	short_tip_length=20000
[2025-12-07 01:23:37] DEBUG: 	long_tip_length=100000
[2025-12-07 01:23:37] DEBUG: Running with k-mer size: 17
[2025-12-07 01:23:37] DEBUG: Running with minimum overlap 1000
[2025-12-07 01:23:37] DEBUG: Metagenome mode: N
[2025-12-07 01:23:37] DEBUG: Short mode: N
[2025-12-07 01:23:37] INFO: Reading sequences
[2025-12-07 01:23:38] DEBUG: Building positional index
[2025-12-07 01:23:38] DEBUG: Total sequence: 366462454 bp
[2025-12-07 01:23:44] INFO: Counting k-mers:
[2025-12-07 01:24:07] DEBUG: Updating k-mer histogram
[2025-12-07 01:25:20] DEBUG: Hash size: 4998414
[2025-12-07 01:25:20] DEBUG: Total k-mers 46277608
[2025-12-07 01:25:21] INFO: Filling index table (1/2)
[2025-12-07 01:26:10] DEBUG: Mean k-mer frequency: 40.6587
[2025-12-07 01:26:10] DEBUG: Repetitive k-mer frequency: 4065
[2025-12-07 01:26:10] DEBUG: Filtered 10811314 repetitive k-mers (0.0697913)
[2025-12-07 01:26:11] INFO: Filling index table (2/2)
[2025-12-07 01:27:00] DEBUG: Sorting k-mer index
[2025-12-07 01:27:01] DEBUG: Selected k-mers: 4179839
[2025-12-07 01:27:01] DEBUG: Index size: 143949741
[2025-12-07 01:27:01] DEBUG: Mean k-mer index frequency: 34.4391
[2025-12-07 01:27:01] DEBUG: Peak RAM usage: 9 Gb
[2025-12-07 01:27:01] DEBUG: Estimating k-mer identity bias
[2025-12-07 01:27:14] DEBUG: Initial divergence estimate : 0.0480069
[2025-12-07 01:27:14] DEBUG: Relative threshold: Y
[2025-12-07 01:27:14] DEBUG: Max divergence threshold set to 0.148007
[2025-12-07 01:27:14] INFO: Extending reads
[2025-12-07 01:27:14] DEBUG: Estimating overlap coverage
[2025-12-07 01:28:02] INFO: Overlap-based coverage: 55
[2025-12-07 01:28:02] INFO: Median overlap divergence: 0.0498033
[2025-12-07 01:28:02] DEBUG: Sequence divergence distribution: 

    |          *                  |                                                                      
    |          *                  |                                                                      
    |          *                  |                                                                      
    |          **                 |                                                                      
    |          **                 |                                                                      
    |          **                 |                                                                      
    |         ***                 |                                                                      
    |       * ***                 |                                                                      
    |     *******                 |                                                                      
    |    ********                 |                                                                      
    |    *********                |                                                                      
    |    *********                |                                                                      
    |   **********                |                                                                      
    |  ***********                |                                                                      
    |  ************               |                                                                      
    |  *************              |                                                                      
    |  **************             |                                                                      
    |  ***************            |                                                                      
    |  *******************        |      **                                                              
    | *************************** |****************************           *     *                        
    ----------------------------------------------------------------------------------------------------
    0%        5%        10%       15%       20%       25%       30%       35%       40%       45%       

    Q25 = 0.032, Q50 = 0.05, Q75 = 0.063

[2025-12-07 01:30:21] DEBUG: Assembled disjointig 1
	With 528 reads
	Start read: +SRR33251869.37442
	At position: 525
	leftTip: 1 rightTip: 0
	Suspicious: 3
	Short ext: 0
	Mean extensions: 39
	Avg overlap len: 31014
	Min overlap len: 1806
	Inner reads: 0
	Length: 5000426
[2025-12-07 01:30:22] DEBUG: Inner: 85666 covered: 90044 total: 118332
[2025-12-07 01:30:22] DEBUG: Discarded disjointig with 510 reads and 463 inner overlaps
[2025-12-07 01:30:22] DEBUG: Discarded disjointig with 218 reads and 214 inner overlaps
[2025-12-07 01:30:22] DEBUG: Discarded disjointig with 431 reads and 386 inner overlaps
[2025-12-07 01:30:22] DEBUG: Discarded disjointig with 327 reads and 299 inner overlaps
[2025-12-07 01:30:22] DEBUG: Discarded disjointig with 530 reads and 526 inner overlaps
[2025-12-07 01:30:22] DEBUG: Discarded disjointig with 487 reads and 485 inner overlaps
[2025-12-07 01:30:22] DEBUG: Discarded disjointig with 405 reads and 363 inner overlaps
[2025-12-07 01:30:22] DEBUG: Discarded disjointig with 267 reads and 265 inner overlaps
[2025-12-07 01:30:22] DEBUG: Discarded disjointig with 509 reads and 462 inner overlaps
[2025-12-07 01:30:22] DEBUG: Discarded disjointig with 510 reads and 462 inner overlaps
[2025-12-07 01:30:22] DEBUG: Discarded disjointig with 269 reads and 244 inner overlaps
[2025-12-07 01:30:22] DEBUG: Discarded disjointig with 151 reads and 147 inner overlaps
[2025-12-07 01:30:22] DEBUG: Discarded disjointig with 358 reads and 356 inner overlaps
[2025-12-07 01:30:22] DEBUG: Discarded disjointig with 277 reads and 275 inner overlaps
[2025-12-07 01:30:23] DEBUG: Discarded disjointig with 454 reads and 407 inner overlaps
[2025-12-07 01:30:23] DEBUG: Discarded disjointig with 406 reads and 404 inner overlaps
[2025-12-07 01:30:23] DEBUG: Discarded disjointig with 338 reads and 335 inner overlaps
[2025-12-07 01:30:23] DEBUG: Discarded disjointig with 352 reads and 350 inner overlaps
[2025-12-07 01:30:23] DEBUG: Discarded disjointig with 351 reads and 349 inner overlaps
[2025-12-07 01:30:23] DEBUG: Discarded disjointig with 343 reads and 312 inner overlaps
[2025-12-07 01:30:23] DEBUG: Discarded disjointig with 400 reads and 396 inner overlaps
[2025-12-07 01:30:23] DEBUG: Discarded disjointig with 370 reads and 333 inner overlaps
[2025-12-07 01:30:23] DEBUG: Discarded disjointig with 330 reads and 301 inner overlaps
[2025-12-07 01:30:23] DEBUG: Discarded disjointig with 508 reads and 460 inner overlaps
[2025-12-07 01:30:24] DEBUG: Discarded disjointig with 311 reads and 282 inner overlaps
[2025-12-07 01:30:24] DEBUG: Discarded disjointig with 492 reads and 444 inner overlaps
[2025-12-07 01:30:25] DEBUG: Discarded disjointig with 408 reads and 406 inner overlaps
[2025-12-07 01:30:25] DEBUG: Discarded disjointig with 249 reads and 226 inner overlaps
[2025-12-07 01:30:25] DEBUG: Discarded disjointig with 506 reads and 459 inner overlaps
[2025-12-07 01:30:25] DEBUG: Discarded disjointig with 141 reads and 130 inner overlaps
[2025-12-07 01:30:25] DEBUG: Discarded disjointig with 505 reads and 456 inner overlaps
[2025-12-07 01:30:29] DEBUG: Assembled disjointig 2
	With 2 reads
	Start read: +SRR33251869.61747
	At position: 2
	leftTip: 1 rightTip: 1
	Suspicious: 1
	Short ext: 0
	Mean extensions: 2
	Avg overlap len: 1730
	Min overlap len: 1730
	Inner reads: 0
	Length: 3979
[2025-12-07 01:30:29] DEBUG: Inner: 85792 covered: 91238 total: 118332
[2025-12-07 01:30:32] DEBUG: Assembled disjointig 3
	With 13 reads
	Start read: +SRR33251869.5039
	At position: 7
	leftTip: 0 rightTip: 0
	Suspicious: 0
	Short ext: 0
	Mean extensions: 38
	Avg overlap len: 7381
	Min overlap len: 5349
	Inner reads: 0
	Length: 31172
[2025-12-07 01:30:32] DEBUG: Inner: 86322 covered: 91936 total: 118332
[2025-12-07 01:30:33] DEBUG: Discarded disjointig with 12 reads and 10 inner overlaps
[2025-12-07 01:30:33] DEBUG: Discarded disjointig with 8 reads and 6 inner overlaps
[2025-12-07 01:30:33] DEBUG: Discarded disjointig with 10 reads and 8 inner overlaps
[2025-12-07 01:30:38] DEBUG: Assembled disjointig 4
	With 14 reads
	Start read: +SRR33251869.1733
	At position: 10
	leftTip: 0 rightTip: 0
	Suspicious: 3
	Short ext: 0
	Mean extensions: 32
	Avg overlap len: 12411
	Min overlap len: 1453
	Inner reads: 0
	Length: 168881
[2025-12-07 01:30:38] DEBUG: Inner: 87804 covered: 93834 total: 118332
[2025-12-07 01:30:38] DEBUG: Discarded disjointig with 10 reads and 6 inner overlaps
[2025-12-07 01:30:39] DEBUG: Discarded disjointig with 7 reads and 4 inner overlaps
[2025-12-07 01:30:39] DEBUG: Discarded disjointig with 8 reads and 5 inner overlaps
[2025-12-07 01:30:39] DEBUG: Discarded disjointig with 10 reads and 8 inner overlaps
[2025-12-07 01:30:39] DEBUG: Discarded disjointig with 8 reads and 5 inner overlaps
[2025-12-07 01:30:39] DEBUG: Discarded disjointig with 10 reads and 8 inner overlaps
[2025-12-07 01:30:39] DEBUG: Discarded disjointig with 8 reads and 6 inner overlaps
[2025-12-07 01:30:39] DEBUG: Discarded disjointig with 7 reads and 4 inner overlaps
[2025-12-07 01:30:39] DEBUG: Discarded disjointig with 14 reads and 12 inner overlaps
[2025-12-07 01:30:39] DEBUG: Discarded disjointig with 11 reads and 7 inner overlaps
[2025-12-07 01:30:39] DEBUG: Discarded disjointig with 9 reads and 5 inner overlaps
[2025-12-07 01:30:39] DEBUG: Discarded disjointig with 9 reads and 7 inner overlaps
[2025-12-07 01:30:40] DEBUG: Discarded disjointig with 9 reads and 5 inner overlaps
[2025-12-07 01:30:40] DEBUG: Discarded disjointig with 8 reads and 4 inner overlaps
[2025-12-07 01:30:40] DEBUG: Discarded disjointig with 8 reads and 5 inner overlaps
[2025-12-07 01:30:40] DEBUG: Discarded disjointig with 15 reads and 10 inner overlaps
[2025-12-07 01:30:40] DEBUG: Discarded disjointig with 9 reads and 7 inner overlaps
[2025-12-07 01:30:40] DEBUG: Discarded disjointig with 8 reads and 4 inner overlaps
[2025-12-07 01:30:40] DEBUG: Discarded disjointig with 10 reads and 6 inner overlaps
[2025-12-07 01:30:40] DEBUG: Discarded disjointig with 6 reads and 4 inner overlaps
[2025-12-07 01:30:40] DEBUG: Discarded disjointig with 13 reads and 10 inner overlaps
[2025-12-07 01:30:40] DEBUG: Discarded disjointig with 3 reads and 1 inner overlaps
[2025-12-07 01:30:40] DEBUG: Discarded disjointig with 14 reads and 10 inner overlaps
[2025-12-07 01:30:40] DEBUG: Discarded disjointig with 11 reads and 9 inner overlaps
[2025-12-07 01:30:40] DEBUG: Discarded disjointig with 7 reads and 4 inner overlaps
[2025-12-07 01:30:40] DEBUG: Discarded disjointig with 8 reads and 6 inner overlaps
[2025-12-07 01:30:40] DEBUG: Discarded disjointig with 12 reads and 8 inner overlaps
[2025-12-07 01:30:41] DEBUG: Discarded disjointig with 11 reads and 8 inner overlaps
[2025-12-07 01:31:44] DEBUG: Assembled disjointig 5
	With 1 reads
	Start read: +SRR33251869.102269
	At position: 1
	leftTip: 1 rightTip: 1
	Suspicious: 0
	Short ext: 0
	Mean extensions: 2
	Avg overlap len: 0
	Min overlap len: 0
	Inner reads: 0
	Length: 2426
[2025-12-07 01:31:44] DEBUG: Inner: 87924 covered: 114568 total: 118332
[2025-12-07 01:31:56] INFO: Assembled 5 disjointigs
[2025-12-07 01:31:56] INFO: Generating sequence
[2025-12-07 01:31:57] DEBUG: Building positional index
[2025-12-07 01:31:57] DEBUG: Total sequence: 5207050 bp
[2025-12-07 01:31:59] DEBUG: Mean k-mer frequency: 1.0429
[2025-12-07 01:31:59] DEBUG: Repetitive k-mer frequency: 104
[2025-12-07 01:31:59] DEBUG: Filtered 0 repetitive k-mers (0)
[2025-12-07 01:32:01] DEBUG: Sorting k-mer index
[2025-12-07 01:32:01] DEBUG: Selected k-mers: 4992771
[2025-12-07 01:32:01] DEBUG: K-mer index size: 5206965
[2025-12-07 01:32:01] DEBUG: Mean k-mer frequency: 1.0429
[2025-12-07 01:32:01] DEBUG: Minimizer rate: 1.00002
[2025-12-07 01:32:01] INFO: Filtering contained disjointigs
[2025-12-07 01:32:03] DEBUG: Computing transitive closure for overlaps
[2025-12-07 01:32:03] DEBUG: Found 12 overlaps
[2025-12-07 01:32:03] DEBUG: Left 12 overlaps after filtering
[2025-12-07 01:32:03] INFO: Contained seqs: 0
[2025-12-07 01:32:04] DEBUG: Writing FASTA
[2025-12-07 01:32:04] DEBUG: Peak RAM usage: 9 Gb
-----------End assembly log------------
[2025-12-07 01:32:04] root: DEBUG: Disjointigs length: 5207050, N50: 5000611
[2025-12-07 01:32:04] root: INFO: >>>STAGE: consensus
[2025-12-07 01:32:04] root: INFO: Running Minimap2
[2025-12-07 01:36:20] root: INFO: Computing consensus
[2025-12-07 01:37:16] root: INFO: Alignment error rate: 0.039726
[2025-12-07 01:37:16] root: INFO: >>>STAGE: repeat
[2025-12-07 01:37:16] root: INFO: Building and resolving repeat graph
[2025-12-07 01:37:16] root: DEBUG: -----Begin repeat analyser log------
[2025-12-07 01:37:16] root: DEBUG: Running: flye-modules repeat --disjointigs /farmshare/user_data/llima23/repos/BIOS270-AU25/Writeups/writeup5/ecoli_flye_out/10-consensus/consensus.fasta --reads /farmshare/home/classes/bios/270/data/project1/SRR33251869.fastq --out-dir /farmshare/user_data/llima23/repos/BIOS270-AU25/Writeups/writeup5/ecoli_flye_out/20-repeat --config /opt/Flye-2.9.6/flye/config/bin_cfg/asm_raw_reads.cfg --log /farmshare/user_data/llima23/repos/BIOS270-AU25/Writeups/writeup5/ecoli_flye_out/flye.log --threads 32 --min-ovlp 1000
[2025-12-07 01:37:16] DEBUG: Build date: Nov  5 2025 04:52:21
[2025-12-07 01:37:16] DEBUG: Total RAM: 187 Gb
[2025-12-07 01:37:16] DEBUG: Available RAM: 121 Gb
[2025-12-07 01:37:16] DEBUG: Total CPUs: 80
[2025-12-07 01:37:16] DEBUG: Loading /opt/Flye-2.9.6/flye/config/bin_cfg/asm_raw_reads.cfg
[2025-12-07 01:37:16] DEBUG: Loading /opt/Flye-2.9.6/flye/config/bin_cfg/asm_defaults.cfg
[2025-12-07 01:37:16] DEBUG: 	big_genome_threshold=29000000
[2025-12-07 01:37:16] DEBUG: 	meta_read_filter_kmer_freq=100
[2025-12-07 01:37:16] DEBUG: 	chain_large_gap_penalty=2
[2025-12-07 01:37:16] DEBUG: 	chain_small_gap_penalty=0.5
[2025-12-07 01:37:16] DEBUG: 	chain_gap_jump_threshold=100
[2025-12-07 01:37:16] DEBUG: 	max_jump_gap=500
[2025-12-07 01:37:16] DEBUG: 	max_coverage_drop_rate=5
[2025-12-07 01:37:16] DEBUG: 	max_extensions_drop_rate=5
[2025-12-07 01:37:16] DEBUG: 	chimera_window=100
[2025-12-07 01:37:16] DEBUG: 	chimera_overhang=1000
[2025-12-07 01:37:16] DEBUG: 	min_reads_in_disjointig=4
[2025-12-07 01:37:16] DEBUG: 	max_inner_reads=10
[2025-12-07 01:37:16] DEBUG: 	max_inner_fraction=0.25
[2025-12-07 01:37:16] DEBUG: 	aggressive_dup_filter=1
[2025-12-07 01:37:16] DEBUG: 	max_separation=500
[2025-12-07 01:37:16] DEBUG: 	unique_edge_length=50000
[2025-12-07 01:37:16] DEBUG: 	min_repeat_res_support=0.51
[2025-12-07 01:37:16] DEBUG: 	out_paths_ratio=5
[2025-12-07 01:37:16] DEBUG: 	graph_cov_drop_rate=5
[2025-12-07 01:37:16] DEBUG: 	coverage_estimate_window=100
[2025-12-07 01:37:16] DEBUG: 	max_bubble_length=50000
[2025-12-07 01:37:16] DEBUG: 	loop_coverage_rate=1.5
[2025-12-07 01:37:16] DEBUG: 	repeat_edge_cov_mult=1.75
[2025-12-07 01:37:16] DEBUG: 	weak_detach_rate=5
[2025-12-07 01:37:16] DEBUG: 	tip_coverage_rate=2
[2025-12-07 01:37:16] DEBUG: 	tip_length_rate=2
[2025-12-07 01:37:16] DEBUG: 	output_gfa_before_rr=1
[2025-12-07 01:37:16] DEBUG: 	remove_alt_edges=0
[2025-12-07 01:37:16] DEBUG: 	low_cutoff_warning=1
[2025-12-07 01:37:16] DEBUG: 	kmer_size=17
[2025-12-07 01:37:16] DEBUG: 	use_minimizers=0
[2025-12-07 01:37:16] DEBUG: 	reads_base_alignment=0
[2025-12-07 01:37:16] DEBUG: 	meta_read_top_kmer_rate=0.40
[2025-12-07 01:37:16] DEBUG: 	maximum_jump=1500
[2025-12-07 01:37:16] DEBUG: 	maximum_overhang=1500
[2025-12-07 01:37:16] DEBUG: 	repeat_kmer_rate=100
[2025-12-07 01:37:16] DEBUG: 	assemble_ovlp_divergence=0.10
[2025-12-07 01:37:16] DEBUG: 	assemble_divergence_relative=1
[2025-12-07 01:37:16] DEBUG: 	repeat_graph_ovlp_divergence=0.08
[2025-12-07 01:37:16] DEBUG: 	read_align_ovlp_divergence=0.25
[2025-12-07 01:37:16] DEBUG: 	hpc_scoring_on=0
[2025-12-07 01:37:16] DEBUG: 	add_unassembled_reads=0
[2025-12-07 01:37:16] DEBUG: 	extend_contigs_with_repeats=0
[2025-12-07 01:37:16] DEBUG: 	min_read_cov_cutoff=3
[2025-12-07 01:37:16] DEBUG: 	short_tip_length=20000
[2025-12-07 01:37:16] DEBUG: 	long_tip_length=100000
[2025-12-07 01:37:16] DEBUG: Running with k-mer size: 17
[2025-12-07 01:37:16] DEBUG: Selected minimum overlap 1000
[2025-12-07 01:37:16] DEBUG: Metagenome mode: N
[2025-12-07 01:37:16] INFO: Parsing disjointigs
[2025-12-07 01:37:16] DEBUG: Building positional index
[2025-12-07 01:37:16] DEBUG: Total sequence: 5213893 bp
[2025-12-07 01:37:16] INFO: Building repeat graph
[2025-12-07 01:37:18] DEBUG: Mean k-mer frequency: 1.04981
[2025-12-07 01:37:18] DEBUG: Repetitive k-mer frequency: 104
[2025-12-07 01:37:18] DEBUG: Filtered 0 repetitive k-mers (0)
[2025-12-07 01:37:20] DEBUG: Sorting k-mer index
[2025-12-07 01:37:20] DEBUG: Selected k-mers: 4966412
[2025-12-07 01:37:20] DEBUG: K-mer index size: 5213808
[2025-12-07 01:37:20] DEBUG: Mean k-mer frequency: 1.04981
[2025-12-07 01:37:20] DEBUG: Minimizer rate: 1.00002
[2025-12-07 01:37:22] DEBUG: Computing transitive closure for overlaps
[2025-12-07 01:37:22] DEBUG: Found 556 overlaps
[2025-12-07 01:37:22] DEBUG: Left 232 overlaps after filtering
[2025-12-07 01:37:22] INFO: Median overlap divergence: 0.0997938
[2025-12-07 01:37:22] DEBUG: Sequence divergence distribution: 

    |**              |                                                                                   
    |**              |                                                                                   
    |**              |                                                                                   
    |**              |                                                                                   
    |**              |                                                                                   
    |**              |                                                                                   
    |**              |                                                                                   
    |**              |                                                                                   
    |**              |                                                                                   
    |**              |                                                                                   
    |**    **    *   |                                                                                   
    |**    **    *   |                                                                                   
    |**   ***    *   |                     *         *                                                   
    |**   ***    *   |                     *         *                                                   
    |**   ***    *   |                     *         *                                                   
    |**   *****  *   * ** *       *        *     *   **  **  * **  ** *       ***         *              
    |**   *****  *   * ** *       *        *     *   **  **  * **  ** *       ***         *              
    |***  ****** *   * ** **      *        *     *   **  **  * **  ** *       ***    *    *              
    |***  ****** *   * ** **      *        *     *   **  **  * **  ** *       ***    *    *              
    |***  ****** *   * ** **      *        *     *   **  **  * **  ** *       ***    *    *              
    ----------------------------------------------------------------------------------------------------
    0%        5%        10%       15%       20%       25%       30%       35%       40%       45%       

    Q25 = 0.032, Q50 = 0.1, Q75 = 0.28

[2025-12-07 01:37:22] DEBUG: Computing gluepoints
[2025-12-07 01:37:22] DEBUG: Added 0 gluepoint projections
[2025-12-07 01:37:22] DEBUG: Created 238 gluepoints
[2025-12-07 01:37:22] DEBUG: Artificial loops removed: 0 left, 0 right, 0 both
[2025-12-07 01:37:22] DEBUG: Initializing edges
[2025-12-07 01:37:22] DEBUG: Edges length checksum: 245413743
[2025-12-07 01:37:22] DEBUG: Filtered 0 singleton segments
[2025-12-07 01:37:22] DEBUG: Removed 0 simple and 0 double chimeric junctions
[2025-12-07 01:37:22] DEBUG: Collapsed 4 edges
[2025-12-07 01:37:22] DEBUG: *	76	+disjointig_1	47429	460468	413039	
[2025-12-07 01:37:22] DEBUG:  	4	+disjointig_1	460468	461730	1262	
[2025-12-07 01:37:22] DEBUG: *	-5	+disjointig_1	461730	479867	18137	
[2025-12-07 01:37:22] DEBUG:  	4	+disjointig_1	479867	481129	1262	
[2025-12-07 01:37:22] DEBUG: *	6	+disjointig_1	481129	596742	115613	
[2025-12-07 01:37:22] DEBUG:  	7	+disjointig_1	596742	598072	1330	
[2025-12-07 01:37:22] DEBUG: *	11	+disjointig_1	598072	1063050	464978	
[2025-12-07 01:37:22] DEBUG:  	15	+disjointig_1	1063050	1064553	1503	
[2025-12-07 01:37:22] DEBUG: *	17	+disjointig_1	1064553	1096093	31540	
[2025-12-07 01:37:22] DEBUG:  	19	+disjointig_1	1096093	1097982	1889	
[2025-12-07 01:37:22] DEBUG: *	-21	+disjointig_1	1097982	1103224	5242	
[2025-12-07 01:37:22] DEBUG:  	19	+disjointig_1	1103224	1105003	1779	
[2025-12-07 01:37:22] DEBUG: *	22	+disjointig_1	1105003	1156705	51702	
[2025-12-07 01:37:22] DEBUG:  	24	+disjointig_1	1156705	1158776	2071	
[2025-12-07 01:37:22] DEBUG: *	25	+disjointig_1	1158776	1266513	107737	
[2025-12-07 01:37:22] DEBUG:  	26	+disjointig_1	1266513	1276002	9489	
[2025-12-07 01:37:22] DEBUG: *	28	+disjointig_1	1276002	1292317	16315	
[2025-12-07 01:37:22] DEBUG:  	30	+disjointig_1	1292317	1295491	3174	
[2025-12-07 01:37:22] DEBUG: *	31	+disjointig_1	1295491	1299281	3790	
[2025-12-07 01:37:22] DEBUG:  	33	+disjointig_1	1299281	1300343	1062	
[2025-12-07 01:37:22] DEBUG: *	34	+disjointig_1	1300343	1305749	5406	
[2025-12-07 01:37:22] DEBUG:  	36	+disjointig_1	1305749	1306815	1066	
[2025-12-07 01:37:22] DEBUG: *	37	+disjointig_1	1306815	1312952	6137	
[2025-12-07 01:37:22] DEBUG:  	39	+disjointig_1	1312952	1313965	1013	
[2025-12-07 01:37:22] DEBUG: *	40	+disjointig_1	1313965	1315316	1351	
[2025-12-07 01:37:22] DEBUG:  	42	+disjointig_1	1315316	1316440	1124	
[2025-12-07 01:37:22] DEBUG: *	-27	+disjointig_1	1316440	1461730	145290	
[2025-12-07 01:37:22] DEBUG:  	26	+disjointig_1	1461730	1471130	9400	
[2025-12-07 01:37:22] DEBUG: *	29	+disjointig_1	1471130	1488222	17092	
[2025-12-07 01:37:22] DEBUG:  	30	+disjointig_1	1488222	1491397	3175	
[2025-12-07 01:37:22] DEBUG: *	32	+disjointig_1	1491397	1493436	2039	
[2025-12-07 01:37:22] DEBUG:  	33	+disjointig_1	1493436	1494497	1061	
[2025-12-07 01:37:22] DEBUG: *	35	+disjointig_1	1494497	1496840	2343	
[2025-12-07 01:37:22] DEBUG:  	36	+disjointig_1	1496840	1497906	1066	
[2025-12-07 01:37:22] DEBUG: *	38	+disjointig_1	1497906	1501776	3870	
[2025-12-07 01:37:22] DEBUG:  	39	+disjointig_1	1501776	1502790	1014	
[2025-12-07 01:37:22] DEBUG: *	41	+disjointig_1	1502790	1504115	1325	
[2025-12-07 01:37:22] DEBUG:  	42	+disjointig_1	1504115	1505235	1120	
[2025-12-07 01:37:22] DEBUG: *	-12	+disjointig_1	1505235	2280075	774840	
[2025-12-07 01:37:22] DEBUG:  	-7	+disjointig_1	2280075	2281405	1330	
[2025-12-07 01:37:22] DEBUG: *	8	+disjointig_1	2281405	2400109	118704	
[2025-12-07 01:37:22] DEBUG:  	19	+disjointig_1	2400109	2401888	1779	
[2025-12-07 01:37:22] DEBUG: *	-20	+disjointig_1	2401888	2406116	4228	
[2025-12-07 01:37:22] DEBUG:  	19	+disjointig_1	2406116	2407538	1422	
[2025-12-07 01:37:22] DEBUG: *	23	+disjointig_1	2407538	2438388	30850	
[2025-12-07 01:37:22] DEBUG:  	43	+disjointig_1	2438388	2443805	5417	
[2025-12-07 01:37:22] DEBUG: *	49	+disjointig_1	2443805	2792675	348870	
[2025-12-07 01:37:22] DEBUG:  	53	+disjointig_1	2792675	2794566	1891	
[2025-12-07 01:37:22] DEBUG: *	54	+disjointig_1	2794566	2819351	24785	
[2025-12-07 01:37:22] DEBUG:  	56	+disjointig_1	2819351	2820615	1264	
[2025-12-07 01:37:22] DEBUG: *	-13	+disjointig_1	2820615	2832842	12227	
[2025-12-07 01:37:22] DEBUG:  	-7	+disjointig_1	2832842	2834172	1330	
[2025-12-07 01:37:22] DEBUG: *	9	+disjointig_1	2834172	2974123	139951	
[2025-12-07 01:37:22] DEBUG:  	58	+disjointig_1	2974123	2977477	3354	
[2025-12-07 01:37:22] DEBUG: *	-55	+disjointig_1	2977477	3030454	52977	
[2025-12-07 01:37:22] DEBUG:  	-53	+disjointig_1	3030454	3032331	1877	
[2025-12-07 01:37:22] DEBUG: *	-46	+disjointig_1	3032331	3199671	167340	
[2025-12-07 01:37:22] DEBUG:  	43	+disjointig_1	3199671	3204996	5325	
[2025-12-07 01:37:22] DEBUG: *	50	+disjointig_1	3204996	3234660	29664	
[2025-12-07 01:37:22] DEBUG:  	61	+disjointig_1	3234660	3235810	1150	
[2025-12-07 01:37:22] DEBUG: *	-48	+disjointig_1	3235810	3239841	4031	
[2025-12-07 01:37:22] DEBUG:  	43	+disjointig_1	3239841	3245188	5347	
[2025-12-07 01:37:22] DEBUG: *	-45	+disjointig_1	3245188	3417980	172792	
[2025-12-07 01:37:22] DEBUG:  	43	+disjointig_1	3417980	3423419	5439	
[2025-12-07 01:37:22] DEBUG: *	-44	+disjointig_1	3423419	3536415	112996	
[2025-12-07 01:37:22] DEBUG:  	43	+disjointig_1	3536415	3541762	5347	
[2025-12-07 01:37:22] DEBUG: *	-16	+disjointig_1	3541762	3836390	294628	
[2025-12-07 01:37:22] DEBUG:  	15	+disjointig_1	3836390	3837893	1503	
[2025-12-07 01:37:22] DEBUG: *	18	+disjointig_1	3837893	4033867	195974	
[2025-12-07 01:37:22] DEBUG:  	-61	+disjointig_1	4033867	4035017	1150	
[2025-12-07 01:37:22] DEBUG: *	-51	+disjointig_1	4035017	4076289	41272	
[2025-12-07 01:37:22] DEBUG:  	-43	+disjointig_1	4076289	4081546	5257	
[2025-12-07 01:37:22] DEBUG: *	47	+disjointig_1	4081546	4435019	353473	
[2025-12-07 01:37:22] DEBUG:  	-56	+disjointig_1	4435019	4436283	1264	
[2025-12-07 01:37:22] DEBUG: *	57	+disjointig_1	4436283	4443847	7564	
[2025-12-07 01:37:22] DEBUG:  	62	+disjointig_1	4443847	4445156	1309	
[2025-12-07 01:37:22] DEBUG: *	-10	+disjointig_1	4445156	4460612	15456	
[2025-12-07 01:37:22] DEBUG:  	7	+disjointig_1	4460612	4461942	1330	
[2025-12-07 01:37:22] DEBUG: *	14	+disjointig_1	4461942	4465874	3932	
[2025-12-07 01:37:22] DEBUG:  	-62	+disjointig_1	4465874	4467183	1309	
[2025-12-07 01:37:22] DEBUG: *	-60	+disjointig_1	4467183	4472174	4991	
[2025-12-07 01:37:22] DEBUG:  	-58	+disjointig_1	4472174	4475528	3354	
[2025-12-07 01:37:22] DEBUG: *	59	+disjointig_1	4475528	4647498	171970	
[2025-12-07 01:37:22] DEBUG:  	63	+disjointig_1	4647498	4649132	1634	
[2025-12-07 01:37:22] DEBUG: *	-64	+disjointig_1	4649132	4651854	2722	
[2025-12-07 01:37:22] DEBUG:  	63	+disjointig_1	4651854	4653488	1634	
[2025-12-07 01:37:22] DEBUG: *	-52	+disjointig_1	4653488	4850946	197458	
[2025-12-07 01:37:22] DEBUG:  	-43	+disjointig_1	4850946	4856284	5338	
[2025-12-07 01:37:22] DEBUG: *	75	+disjointig_1	4856284	5008559	152275	
[2025-12-07 01:37:22] DEBUG: *	65	+disjointig_2	0	4024	4024	
[2025-12-07 01:37:22] DEBUG:  	77	+disjointig_3	2870	10647	7777	
[2025-12-07 01:37:22] DEBUG:  	68	+disjointig_3	10647	12360	1713	
[2025-12-07 01:37:22] DEBUG:  	77	+disjointig_3	12360	20341	7981	
[2025-12-07 01:37:22] DEBUG:  	68	+disjointig_3	20341	21654	1313	
[2025-12-07 01:37:22] DEBUG:  	77	+disjointig_3	21654	29634	7980	
[2025-12-07 01:37:22] DEBUG:  	70	+disjointig_4	37408	39188	1780	
[2025-12-07 01:37:22] DEBUG:  	73	+disjointig_4	39188	49414	10226	
[2025-12-07 01:37:22] DEBUG:  	-70	+disjointig_4	49414	51192	1778	
[2025-12-07 01:37:22] DEBUG: *	78	+disjointig_4	51192	129569	78377	
[2025-12-07 01:37:22] DEBUG:  	70	+disjointig_4	129569	131348	1779	
[2025-12-07 01:37:22] DEBUG:  	73	+disjointig_4	131348	141575	10227	
[2025-12-07 01:37:22] DEBUG:  	-70	+disjointig_4	141575	143355	1780	
[2025-12-07 01:37:22] DEBUG: *	74	+disjointig_5	0	2433	2433	
[2025-12-07 01:37:22] DEBUG: Total edges: 78
[2025-12-07 01:37:23] INFO: Parsing reads
[2025-12-07 01:37:24] DEBUG: Building positional index
[2025-12-07 01:37:24] DEBUG: Total sequence: 392310711 bp
[2025-12-07 01:37:24] DEBUG: Building positional index
[2025-12-07 01:37:24] DEBUG: Total sequence: 5100298 bp
[2025-12-07 01:37:24] INFO: Aligning reads to the graph
[2025-12-07 01:37:25] DEBUG: Mean k-mer frequency: 1.02776
[2025-12-07 01:37:25] DEBUG: Repetitive k-mer frequency: 102
[2025-12-07 01:37:25] DEBUG: Filtered 0 repetitive k-mers (0)
[2025-12-07 01:37:26] DEBUG: Sorting k-mer index
[2025-12-07 01:37:26] DEBUG: Selected k-mers: 4960806
[2025-12-07 01:37:26] DEBUG: K-mer index size: 5098530
[2025-12-07 01:37:26] DEBUG: Mean k-mer frequency: 1.02776
[2025-12-07 01:37:26] DEBUG: Minimizer rate: 1.00035
[2025-12-07 01:38:19] DEBUG: Total reads : 59166
[2025-12-07 01:38:19] DEBUG: Read with aligned parts : 48427
[2025-12-07 01:38:19] DEBUG: Aligned in one piece : 46640
[2025-12-07 01:38:19] INFO: Aligned read sequence: 332532313 / 366462454 (0.907412)
[2025-12-07 01:38:19] INFO: Median overlap divergence: 0.00605321
[2025-12-07 01:38:19] DEBUG: Sequence divergence distribution: 

    | *                                                |                                                 
    | *                                                |                                                 
    | *                                                |                                                 
    |**                                                |                                                 
    |**                                                |                                                 
    |**                                                |                                                 
    |**                                                |                                                 
    |**                                                |                                                 
    |**                                                |                                                 
    |**                                                |                                                 
    |**                                                |                                                 
    |**                                                |                                                 
    |**                                                |                                                 
    |**                                                |                                                 
    |**                                                |                                                 
    |***                                               |                                                 
    |***                                               |                                                 
    |***                                               |                                                 
    |*****                                             |                                                 
    |*************************************************** ****** ** *  *  *       **                      
    ----------------------------------------------------------------------------------------------------
    0%        5%        10%       15%       20%       25%       30%       35%       40%       45%       

    Q25 = 0.0044, Q50 = 0.0061, Q75 = 0.0093

[2025-12-07 01:38:19] INFO: Mean edge coverage: 65
[2025-12-07 01:38:19] DEBUG: 4	len:1262	cov:135	mult:2.07692
[2025-12-07 01:38:19] DEBUG: -4	len:1262	cov:135	mult:2.07692
[2025-12-07 01:38:19] DEBUG: 5	len:18137	cov:62	mult:0.953846
[2025-12-07 01:38:19] DEBUG: -5	len:18137	cov:62	mult:0.953846
[2025-12-07 01:38:19] DEBUG: 6	len:115613	cov:55	mult:0.846154
[2025-12-07 01:38:19] DEBUG: -6	len:115613	cov:55	mult:0.846154
[2025-12-07 01:38:19] DEBUG: 7	len:1330	cov:233	mult:3.58462
[2025-12-07 01:38:19] DEBUG: -7	len:1330	cov:233	mult:3.58462
[2025-12-07 01:38:19] DEBUG: 8	len:118704	cov:64	mult:0.984615
[2025-12-07 01:38:19] DEBUG: -8	len:118704	cov:64	mult:0.984615
[2025-12-07 01:38:19] DEBUG: 9	len:139951	cov:75	mult:1.15385
[2025-12-07 01:38:19] DEBUG: -9	len:139951	cov:75	mult:1.15385
[2025-12-07 01:38:19] DEBUG: 10	len:15456	cov:71	mult:1.09231
[2025-12-07 01:38:19] DEBUG: -10	len:15456	cov:71	mult:1.09231
[2025-12-07 01:38:19] DEBUG: 11	len:464978	cov:51	mult:0.784615
[2025-12-07 01:38:19] DEBUG: -11	len:464978	cov:51	mult:0.784615
[2025-12-07 01:38:19] DEBUG: 12	len:774840	cov:61	mult:0.938462
[2025-12-07 01:38:19] DEBUG: -12	len:774840	cov:61	mult:0.938462
[2025-12-07 01:38:19] DEBUG: 13	len:12227	cov:79	mult:1.21538
[2025-12-07 01:38:19] DEBUG: -13	len:12227	cov:79	mult:1.21538
[2025-12-07 01:38:19] DEBUG: 14	len:3932	cov:67	mult:1.03077
[2025-12-07 01:38:19] DEBUG: -14	len:3932	cov:67	mult:1.03077
[2025-12-07 01:38:19] DEBUG: 15	len:1503	cov:127	mult:1.95385
[2025-12-07 01:38:19] DEBUG: -15	len:1503	cov:127	mult:1.95385
[2025-12-07 01:38:19] DEBUG: 16	len:294628	cov:77	mult:1.18462
[2025-12-07 01:38:19] DEBUG: -16	len:294628	cov:77	mult:1.18462
[2025-12-07 01:38:19] DEBUG: 17	len:31540	cov:50	mult:0.769231
[2025-12-07 01:38:19] DEBUG: -17	len:31540	cov:50	mult:0.769231
[2025-12-07 01:38:19] DEBUG: 18	len:195974	cov:73	mult:1.12308
[2025-12-07 01:38:19] DEBUG: -18	len:195974	cov:73	mult:1.12308
[2025-12-07 01:38:19] DEBUG: 19	len:1717	cov:222	mult:3.41538
[2025-12-07 01:38:19] DEBUG: -19	len:1717	cov:222	mult:3.41538
[2025-12-07 01:38:19] DEBUG: 20	len:4228	cov:66	mult:1.01538
[2025-12-07 01:38:19] DEBUG: -20	len:4228	cov:66	mult:1.01538
[2025-12-07 01:38:19] DEBUG: 21	len:5242	cov:49	mult:0.753846
[2025-12-07 01:38:19] DEBUG: -21	len:5242	cov:49	mult:0.753846
[2025-12-07 01:38:19] DEBUG: 22	len:51702	cov:48	mult:0.738462
[2025-12-07 01:38:19] DEBUG: -22	len:51702	cov:48	mult:0.738462
[2025-12-07 01:38:19] DEBUG: 23	len:30850	cov:65	mult:1
[2025-12-07 01:38:19] DEBUG: -23	len:30850	cov:65	mult:1
[2025-12-07 01:38:19] DEBUG: 24	len:1035	cov:81	mult:1.24615
[2025-12-07 01:38:19] DEBUG: -24	len:1035	cov:81	mult:1.24615
[2025-12-07 01:38:19] DEBUG: 25	len:107737	cov:54	mult:0.830769
[2025-12-07 01:38:19] DEBUG: -25	len:107737	cov:54	mult:0.830769
[2025-12-07 01:38:19] DEBUG: 26	len:9444	cov:104	mult:1.6
[2025-12-07 01:38:19] DEBUG: -26	len:9444	cov:104	mult:1.6
[2025-12-07 01:38:19] DEBUG: 27	len:145290	cov:50	mult:0.769231
[2025-12-07 01:38:19] DEBUG: -27	len:145290	cov:50	mult:0.769231
[2025-12-07 01:38:19] DEBUG: 28	len:16315	cov:46	mult:0.707692
[2025-12-07 01:38:19] DEBUG: -28	len:16315	cov:46	mult:0.707692
[2025-12-07 01:38:19] DEBUG: 29	len:17092	cov:56	mult:0.861538
[2025-12-07 01:38:19] DEBUG: -29	len:17092	cov:56	mult:0.861538
[2025-12-07 01:38:19] DEBUG: 30	len:3174	cov:121	mult:1.86154
[2025-12-07 01:38:19] DEBUG: -30	len:3174	cov:121	mult:1.86154
[2025-12-07 01:38:19] DEBUG: 31	len:3790	cov:47	mult:0.723077
[2025-12-07 01:38:19] DEBUG: -31	len:3790	cov:47	mult:0.723077
[2025-12-07 01:38:19] DEBUG: 32	len:2039	cov:66	mult:1.01538
[2025-12-07 01:38:19] DEBUG: -32	len:2039	cov:66	mult:1.01538
[2025-12-07 01:38:19] DEBUG: 33	len:1061	cov:121	mult:1.86154
[2025-12-07 01:38:19] DEBUG: -33	len:1061	cov:121	mult:1.86154
[2025-12-07 01:38:19] DEBUG: 34	len:5406	cov:59	mult:0.907692
[2025-12-07 01:38:19] DEBUG: -34	len:5406	cov:59	mult:0.907692
[2025-12-07 01:38:19] DEBUG: 35	len:2343	cov:60	mult:0.923077
[2025-12-07 01:38:19] DEBUG: -35	len:2343	cov:60	mult:0.923077
[2025-12-07 01:38:19] DEBUG: 36	len:1066	cov:123	mult:1.89231
[2025-12-07 01:38:19] DEBUG: -36	len:1066	cov:123	mult:1.89231
[2025-12-07 01:38:19] DEBUG: 37	len:6137	cov:53	mult:0.815385
[2025-12-07 01:38:19] DEBUG: -37	len:6137	cov:53	mult:0.815385
[2025-12-07 01:38:19] DEBUG: 38	len:3870	cov:72	mult:1.10769
[2025-12-07 01:38:19] DEBUG: -38	len:3870	cov:72	mult:1.10769
[2025-12-07 01:38:19] DEBUG: 39	len:1013	cov:106	mult:1.63077
[2025-12-07 01:38:19] DEBUG: -39	len:1013	cov:106	mult:1.63077
[2025-12-07 01:38:19] DEBUG: 40	len:1351	cov:34	mult:0.523077
[2025-12-07 01:38:19] DEBUG: -40	len:1351	cov:34	mult:0.523077
[2025-12-07 01:38:19] DEBUG: 41	len:1325	cov:68	mult:1.04615
[2025-12-07 01:38:19] DEBUG: -41	len:1325	cov:68	mult:1.04615
[2025-12-07 01:38:19] DEBUG: 42	len:1122	cov:111	mult:1.70769
[2025-12-07 01:38:19] DEBUG: -42	len:1122	cov:111	mult:1.70769
[2025-12-07 01:38:19] DEBUG: 43	len:5352	cov:495	mult:7.61538
[2025-12-07 01:38:19] DEBUG: -43	len:5352	cov:495	mult:7.61538
[2025-12-07 01:38:19] DEBUG: 44	len:112996	cov:80	mult:1.23077
[2025-12-07 01:38:19] DEBUG: -44	len:112996	cov:80	mult:1.23077
[2025-12-07 01:38:19] DEBUG: 45	len:172792	cov:76	mult:1.16923
[2025-12-07 01:38:19] DEBUG: -45	len:172792	cov:76	mult:1.16923
[2025-12-07 01:38:19] DEBUG: 46	len:167340	cov:83	mult:1.27692
[2025-12-07 01:38:19] DEBUG: -46	len:167340	cov:83	mult:1.27692
[2025-12-07 01:38:19] DEBUG: 47	len:353473	cov:73	mult:1.12308
[2025-12-07 01:38:19] DEBUG: -47	len:353473	cov:73	mult:1.12308
[2025-12-07 01:38:19] DEBUG: 48	len:4031	cov:81	mult:1.24615
[2025-12-07 01:38:19] DEBUG: -48	len:4031	cov:81	mult:1.24615
[2025-12-07 01:38:19] DEBUG: 49	len:348870	cov:68	mult:1.04615
[2025-12-07 01:38:19] DEBUG: -49	len:348870	cov:68	mult:1.04615
[2025-12-07 01:38:19] DEBUG: 50	len:29664	cov:87	mult:1.33846
[2025-12-07 01:38:19] DEBUG: -50	len:29664	cov:87	mult:1.33846
[2025-12-07 01:38:19] DEBUG: 51	len:41272	cov:78	mult:1.2
[2025-12-07 01:38:19] DEBUG: -51	len:41272	cov:78	mult:1.2
[2025-12-07 01:38:19] DEBUG: 52	len:197458	cov:64	mult:0.984615
[2025-12-07 01:38:19] DEBUG: -52	len:197458	cov:64	mult:0.984615
[2025-12-07 01:38:19] DEBUG: 53	len:1884	cov:149	mult:2.29231
[2025-12-07 01:38:19] DEBUG: -53	len:1884	cov:149	mult:2.29231
[2025-12-07 01:38:19] DEBUG: 54	len:24785	cov:71	mult:1.09231
[2025-12-07 01:38:19] DEBUG: -54	len:24785	cov:71	mult:1.09231
[2025-12-07 01:38:19] DEBUG: 55	len:52977	cov:75	mult:1.15385
[2025-12-07 01:38:19] DEBUG: -55	len:52977	cov:75	mult:1.15385
[2025-12-07 01:38:19] DEBUG: 56	len:1264	cov:146	mult:2.24615
[2025-12-07 01:38:19] DEBUG: -56	len:1264	cov:146	mult:2.24615
[2025-12-07 01:38:19] DEBUG: 57	len:7564	cov:74	mult:1.13846
[2025-12-07 01:38:19] DEBUG: -57	len:7564	cov:74	mult:1.13846
[2025-12-07 01:38:19] DEBUG: 58	len:3354	cov:134	mult:2.06154
[2025-12-07 01:38:19] DEBUG: -58	len:3354	cov:134	mult:2.06154
[2025-12-07 01:38:19] DEBUG: 59	len:171970	cov:66	mult:1.01538
[2025-12-07 01:38:19] DEBUG: -59	len:171970	cov:66	mult:1.01538
[2025-12-07 01:38:19] DEBUG: 60	len:4991	cov:73	mult:1.12308
[2025-12-07 01:38:19] DEBUG: -60	len:4991	cov:73	mult:1.12308
[2025-12-07 01:38:19] DEBUG: 61	len:1150	cov:157	mult:2.41538
[2025-12-07 01:38:19] DEBUG: -61	len:1150	cov:157	mult:2.41538
[2025-12-07 01:38:19] DEBUG: 62	len:1309	cov:141	mult:2.16923
[2025-12-07 01:38:19] DEBUG: -62	len:1309	cov:141	mult:2.16923
[2025-12-07 01:38:19] DEBUG: 63	len:1634	cov:124	mult:1.90769
[2025-12-07 01:38:19] DEBUG: -63	len:1634	cov:124	mult:1.90769
[2025-12-07 01:38:19] DEBUG: 64	len:2722	cov:55	mult:0.846154
[2025-12-07 01:38:19] DEBUG: -64	len:2722	cov:55	mult:0.846154
[2025-12-07 01:38:19] DEBUG: 65	len:4024	cov:26	mult:0.4
[2025-12-07 01:38:19] DEBUG: -65	len:4024	cov:26	mult:0.4
[2025-12-07 01:38:19] DEBUG: 68	len:1513	cov:136	mult:2.09231
[2025-12-07 01:38:19] DEBUG: -68	len:1513	cov:136	mult:2.09231
[2025-12-07 01:38:19] DEBUG: 70	len:1779	cov:110	mult:1.69231
[2025-12-07 01:38:19] DEBUG: -70	len:1779	cov:110	mult:1.69231
[2025-12-07 01:38:19] DEBUG: 73	len:10226	cov:48	mult:0.738462
[2025-12-07 01:38:19] DEBUG: -73	len:10226	cov:48	mult:0.738462
[2025-12-07 01:38:19] DEBUG: 74	len:2433	cov:38	mult:0.584615
[2025-12-07 01:38:19] DEBUG: -74	len:2433	cov:38	mult:0.584615
[2025-12-07 01:38:19] DEBUG: 75	len:152275	cov:61	mult:0.938462
[2025-12-07 01:38:19] DEBUG: -75	len:152275	cov:61	mult:0.938462
[2025-12-07 01:38:19] DEBUG: 76	len:413039	cov:58	mult:0.892308
[2025-12-07 01:38:19] DEBUG: -76	len:413039	cov:58	mult:0.892308
[2025-12-07 01:38:19] DEBUG: 77	len:7912	cov:130	mult:2
[2025-12-07 01:38:19] DEBUG: -77	len:7912	cov:130	mult:2
[2025-12-07 01:38:19] DEBUG: 78	len:78377	cov:57	mult:0.876923
[2025-12-07 01:38:19] DEBUG: -78	len:78377	cov:57	mult:0.876923
[2025-12-07 01:38:19] DEBUG: Unique coverage threshold 127
[2025-12-07 01:38:19] INFO: Simplifying the graph
[2025-12-07 01:38:19] DEBUG: Read coverage cutoff: 13
[2025-12-07 01:38:19] DEBUG: [SIMPL] Removed 0 paths with low coverage
[2025-12-07 01:38:19] DEBUG: [SIMPL] Masked 0 heterozygous loops
[2025-12-07 01:38:19] DEBUG: Regular bubble: {26,9444,104} {30,3174,121}
[2025-12-07 01:38:19] DEBUG: 	Internal: {28,16315,46} {29,17092,56}
[2025-12-07 01:38:19] DEBUG: Regular bubble: {30,3174,121} {33,1061,121}
[2025-12-07 01:38:19] DEBUG: 	Internal: {31,3790,47} {32,2039,66}
[2025-12-07 01:38:19] DEBUG: Regular bubble: {33,1061,121} {36,1066,123}
[2025-12-07 01:38:19] DEBUG: 	Internal: {34,5406,59} {35,2343,60}
[2025-12-07 01:38:19] DEBUG: Regular bubble: {36,1066,123} {39,1013,106}
[2025-12-07 01:38:19] DEBUG: 	Internal: {37,6137,53} {38,3870,72}
[2025-12-07 01:38:19] DEBUG: Regular bubble: {39,1013,106} {42,1122,111}
[2025-12-07 01:38:19] DEBUG: 	Internal: {40,1351,34} {41,1325,68}
[2025-12-07 01:38:19] DEBUG: [SIMPL] Masked 5 simple bubbles
[2025-12-07 01:38:19] DEBUG: Finding repeats
[2025-12-07 01:38:19] DEBUG: Read coverage cutoff: 13
[2025-12-07 01:38:19] DEBUG: High-cov: 4	1262	135
[2025-12-07 01:38:19] DEBUG: High-cov: 7	1330	233
[2025-12-07 01:38:19] DEBUG: High-cov: 19	1717	222
[2025-12-07 01:38:19] DEBUG: Short-loop: 24
[2025-12-07 01:38:19] DEBUG: Haplo-edge: 28
[2025-12-07 01:38:19] DEBUG: Haplo-edge: 29
[2025-12-07 01:38:19] DEBUG: Haplo-edge: 31
[2025-12-07 01:38:19] DEBUG: Haplo-edge: 32
[2025-12-07 01:38:19] DEBUG: Haplo-edge: 34
[2025-12-07 01:38:19] DEBUG: Haplo-edge: 35
[2025-12-07 01:38:19] DEBUG: Haplo-edge: 37
[2025-12-07 01:38:19] DEBUG: Haplo-edge: 38
[2025-12-07 01:38:19] DEBUG: Haplo-edge: 40
[2025-12-07 01:38:19] DEBUG: Haplo-edge: 41
[2025-12-07 01:38:19] DEBUG: High-cov: 43	5352	495
[2025-12-07 01:38:19] DEBUG: High-cov: 53	1884	149
[2025-12-07 01:38:19] DEBUG: High-cov: 56	1264	146
[2025-12-07 01:38:19] DEBUG: High-cov: 58	3354	134
[2025-12-07 01:38:19] DEBUG: High-cov: 61	1150	157
[2025-12-07 01:38:19] DEBUG: High-cov: 62	1309	141
[2025-12-07 01:38:19] DEBUG: Tandem: 63
[2025-12-07 01:38:19] DEBUG: High-cov: 68	1513	136
[2025-12-07 01:38:19] DEBUG: Short-loop: 68
[2025-12-07 01:38:19] DEBUG: High-cov: 77	7912	130
[2025-12-07 01:38:19] DEBUG: Repeat detection iteration 1
[2025-12-07 01:38:19] DEBUG: Starting 42 aln:113
[2025-12-07 01:38:19] DEBUG: 	      -27	num:39	flank:16876	span:5
[2025-12-07 01:38:19] DEBUG: 	      -12	num:66	flank:16212	span:5
[2025-12-07 01:38:19] DEBUG: Mult: 42	1122	111	 (0,1)
[2025-12-07 01:38:19] DEBUG: Starting 15 aln:131
[2025-12-07 01:38:19] DEBUG: 	      17	num:51	flank:15420	span:2
[2025-12-07 01:38:19] DEBUG: 	      18	num:65	flank:24671	span:3
[2025-12-07 01:38:19] DEBUG: Starting -15 aln:131
[2025-12-07 01:38:19] DEBUG: 	      16	num:57	flank:23154	span:1
[2025-12-07 01:38:19] DEBUG: 	      -11	num:50	flank:16928	span:3
[2025-12-07 01:38:19] DEBUG: Mult: 15	1503	127	 (1,1)
[2025-12-07 01:38:19] DEBUG: Starting 70 aln:124
[2025-12-07 01:38:19] DEBUG: 	      -73	num:53	flank:27738	span:3
[2025-12-07 01:38:19] DEBUG: 	      73	num:46	flank:17515	span:3
[2025-12-07 01:38:19] DEBUG: Starting -70 aln:124
[2025-12-07 01:38:19] DEBUG: 	      78	num:49	flank:29509	span:0
[2025-12-07 01:38:19] DEBUG: 	      -78	num:52	flank:15738	span:2
[2025-12-07 01:38:19] DEBUG: Mult: 70	1779	110	 (1,1)
[2025-12-07 01:38:19] DEBUG: Starting -26 aln:147
[2025-12-07 01:38:19] DEBUG: 	      -25	num:39	flank:27356	span:3
[2025-12-07 01:38:19] DEBUG: 	      27	num:48	flank:17323	span:1
[2025-12-07 01:38:19] DEBUG: Mult: 26	9444	104	 (1,0)
[2025-12-07 01:38:19] DEBUG: Writing Dot
[2025-12-07 01:38:19] DEBUG: Writing FASTA
[2025-12-07 01:38:20] DEBUG: Writing Gfa
[2025-12-07 01:38:20] DEBUG: [SIMPL] == Iteration 1 ==
[2025-12-07 01:38:20] DEBUG: Splitting nodes
[2025-12-07 01:38:20] DEBUG: [SIMPL] Split 1 nodes
[2025-12-07 01:38:20] DEBUG: [SIMPL] Clipped 0 short and 0 long tips
[2025-12-07 01:38:20] DEBUG: [SIMPL] Masked 0 heterozygous loops
[2025-12-07 01:38:20] DEBUG: Regular bubble: {26,9444,104} {30,3174,121}
[2025-12-07 01:38:20] DEBUG: 	Internal: {28,16315,46} {29,17092,56}
[2025-12-07 01:38:20] DEBUG: Regular bubble: {30,3174,121} {33,1061,121}
[2025-12-07 01:38:20] DEBUG: 	Internal: {31,3790,47} {32,2039,66}
[2025-12-07 01:38:20] DEBUG: Regular bubble: {33,1061,121} {36,1066,123}
[2025-12-07 01:38:20] DEBUG: 	Internal: {34,5406,59} {35,2343,60}
[2025-12-07 01:38:20] DEBUG: Regular bubble: {36,1066,123} {39,1013,106}
[2025-12-07 01:38:20] DEBUG: 	Internal: {37,6137,53} {38,3870,72}
[2025-12-07 01:38:20] DEBUG: Regular bubble: {39,1013,106} {42,1122,111}
[2025-12-07 01:38:20] DEBUG: 	Internal: {40,1351,34} {41,1325,68}
[2025-12-07 01:38:20] DEBUG: [SIMPL] Masked 5 simple bubbles
[2025-12-07 01:38:20] DEBUG: Finding repeats
[2025-12-07 01:38:20] DEBUG: Read coverage cutoff: 13
[2025-12-07 01:38:20] DEBUG: High-cov: 4	1262	135
[2025-12-07 01:38:20] DEBUG: High-cov: 7	1330	233
[2025-12-07 01:38:20] DEBUG: High-cov: 19	1717	222
[2025-12-07 01:38:20] DEBUG: Short-loop: 24
[2025-12-07 01:38:20] DEBUG: Haplo-edge: 28
[2025-12-07 01:38:20] DEBUG: Haplo-edge: 29
[2025-12-07 01:38:20] DEBUG: Haplo-edge: 31
[2025-12-07 01:38:20] DEBUG: Haplo-edge: 32
[2025-12-07 01:38:20] DEBUG: Haplo-edge: 34
[2025-12-07 01:38:20] DEBUG: Haplo-edge: 35
[2025-12-07 01:38:20] DEBUG: Haplo-edge: 37
[2025-12-07 01:38:20] DEBUG: Haplo-edge: 38
[2025-12-07 01:38:20] DEBUG: Haplo-edge: 40
[2025-12-07 01:38:20] DEBUG: Haplo-edge: 41
[2025-12-07 01:38:20] DEBUG: High-cov: 43	5352	495
[2025-12-07 01:38:20] DEBUG: High-cov: 53	1884	149
[2025-12-07 01:38:20] DEBUG: High-cov: 56	1264	146
[2025-12-07 01:38:20] DEBUG: High-cov: 58	3354	134
[2025-12-07 01:38:20] DEBUG: High-cov: 61	1150	157
[2025-12-07 01:38:20] DEBUG: High-cov: 62	1309	141
[2025-12-07 01:38:20] DEBUG: Tandem: 63
[2025-12-07 01:38:20] DEBUG: High-cov: 77 -> 68	9425	130
[2025-12-07 01:38:20] DEBUG: Repeat detection iteration 1
[2025-12-07 01:38:20] DEBUG: Starting 42 aln:113
[2025-12-07 01:38:20] DEBUG: 	      -27	num:39	flank:16876	span:5
[2025-12-07 01:38:20] DEBUG: 	      -12	num:66	flank:16212	span:5
[2025-12-07 01:38:20] DEBUG: Mult: 42	1122	111	 (0,1)
[2025-12-07 01:38:20] DEBUG: Starting 15 aln:131
[2025-12-07 01:38:20] DEBUG: 	      17	num:51	flank:15420	span:2
[2025-12-07 01:38:20] DEBUG: 	      18	num:65	flank:24671	span:3
[2025-12-07 01:38:20] DEBUG: Starting -15 aln:131
[2025-12-07 01:38:20] DEBUG: 	      16	num:57	flank:23154	span:1
[2025-12-07 01:38:20] DEBUG: 	      -11	num:50	flank:16928	span:3
[2025-12-07 01:38:20] DEBUG: Mult: 15	1503	127	 (1,1)
[2025-12-07 01:38:20] DEBUG: Starting 70 aln:124
[2025-12-07 01:38:20] DEBUG: 	      -73	num:53	flank:27738	span:3
[2025-12-07 01:38:20] DEBUG: 	      73	num:46	flank:17515	span:3
[2025-12-07 01:38:20] DEBUG: Starting -70 aln:124
[2025-12-07 01:38:20] DEBUG: 	      78	num:49	flank:29509	span:0
[2025-12-07 01:38:20] DEBUG: 	      -78	num:52	flank:15738	span:2
[2025-12-07 01:38:20] DEBUG: Mult: 70	1779	110	 (1,1)
[2025-12-07 01:38:20] DEBUG: Starting -26 aln:147
[2025-12-07 01:38:20] DEBUG: 	      -25	num:39	flank:27356	span:3
[2025-12-07 01:38:20] DEBUG: 	      27	num:48	flank:17323	span:1
[2025-12-07 01:38:20] DEBUG: Mult: 26	9444	104	 (1,0)
[2025-12-07 01:38:20] DEBUG: Total unique edges: 39
[2025-12-07 01:38:20] DEBUG: 	Connection 22	25	28	1
[2025-12-07 01:38:20] DEBUG: 	Connection -16	18	50	1
[2025-12-07 01:38:20] DEBUG: 	Connection -20	23	45	1
[2025-12-07 01:38:20] DEBUG: 	Connection -52	75	26	1
[2025-12-07 01:38:20] DEBUG: 	Connection -14	10	54	1
[2025-12-07 01:38:20] DEBUG: 	Connection 14	-60	53	1
[2025-12-07 01:38:20] DEBUG: 	Connection 50	-48	55	1
[2025-12-07 01:38:20] DEBUG: 	Connection -48	-45	42	1
[2025-12-07 01:38:20] DEBUG: 	Connection 76	-5	44	1
[2025-12-07 01:38:20] DEBUG: 	Connection 46	55	50	0.990099
[2025-12-07 01:38:20] DEBUG: 	Connection 59	-64	44	1
[2025-12-07 01:38:20] DEBUG: 	Connection -64	-52	42	1
[2025-12-07 01:38:20] DEBUG: 	Connection -22	21	36	1
[2025-12-07 01:38:20] DEBUG: 	Connection 21	-17	32	1
[2025-12-07 01:38:20] DEBUG: 	Connection 18	-51	69	1
[2025-12-07 01:38:20] DEBUG: 	Connection 44	45	37	1
[2025-12-07 01:38:20] DEBUG: 	Connection 8	-20	39	1
[2025-12-07 01:38:20] DEBUG: 	Connection -73	-78	38	1
[2025-12-07 01:38:20] DEBUG: 	Connection 23	49	26	1
[2025-12-07 01:38:20] DEBUG: 	Connection -51	47	38	1
[2025-12-07 01:38:20] DEBUG: 	Connection -60	59	38	1
[2025-12-07 01:38:20] DEBUG: 	Connection 54	-13	50	1
[2025-12-07 01:38:20] DEBUG: 	Connection -13	9	51	1
[2025-12-07 01:38:20] DEBUG: 	Connection 57	-10	50	1
[2025-12-07 01:38:20] DEBUG: 	Connection -78	-73	38	1
[2025-12-07 01:38:20] DEBUG: 	Connection -50	46	37	1
[2025-12-07 01:38:20] DEBUG: 	Connection -54	-49	47	0.989474
[2025-12-07 01:38:20] DEBUG: 	Connection -5	6	57	1
[2025-12-07 01:38:20] DEBUG: 	Connection 47	57	59	1
[2025-12-07 01:38:20] DEBUG: 	Connection 9	-55	46	1
[2025-12-07 01:38:20] DEBUG: 	Connection 16	44	38	1
[2025-12-07 01:38:20] DEBUG: 	Connection 6	11	37	1
[2025-12-07 01:38:20] DEBUG: 	Connection 11	17	42	1
[2025-12-07 01:38:20] DEBUG: 	Connection -12	8	21	1
[2025-12-07 01:38:20] DEBUG: [SIMPL] Resolved repeats: 34
[2025-12-07 01:38:20] DEBUG: RR links: 2920
[2025-12-07 01:38:20] DEBUG: Unresolved: 0
[2025-12-07 01:38:20] DEBUG: Removed 0 simple and 0 double chimeric junctions
[2025-12-07 01:38:20] DEBUG: [SIMPL] == Iteration 2 ==
[2025-12-07 01:38:20] DEBUG: Splitting nodes
[2025-12-07 01:38:20] DEBUG: [SIMPL] Split 0 nodes
[2025-12-07 01:38:20] DEBUG: [SIMPL] Clipped 0 short and 0 long tips
[2025-12-07 01:38:20] DEBUG: [SIMPL] Masked 0 heterozygous loops
[2025-12-07 01:38:20] DEBUG: Regular bubble: {26,9444,104} {30,3174,121}
[2025-12-07 01:38:20] DEBUG: 	Internal: {28,16315,46} {29,17092,56}
[2025-12-07 01:38:20] DEBUG: Regular bubble: {30,3174,121} {33,1061,121}
[2025-12-07 01:38:20] DEBUG: 	Internal: {31,3790,47} {32,2039,66}
[2025-12-07 01:38:20] DEBUG: Regular bubble: {33,1061,121} {36,1066,123}
[2025-12-07 01:38:20] DEBUG: 	Internal: {34,5406,59} {35,2343,60}
[2025-12-07 01:38:20] DEBUG: Regular bubble: {36,1066,123} {39,1013,106}
[2025-12-07 01:38:20] DEBUG: 	Internal: {37,6137,53} {38,3870,72}
[2025-12-07 01:38:20] DEBUG: Regular bubble: {39,1013,106} {42,1122,111}
[2025-12-07 01:38:20] DEBUG: 	Internal: {40,1351,34} {41,1325,68}
[2025-12-07 01:38:20] DEBUG: [SIMPL] Masked 5 simple bubbles
[2025-12-07 01:38:20] DEBUG: Finding repeats
[2025-12-07 01:38:20] DEBUG: Read coverage cutoff: 13
[2025-12-07 01:38:20] DEBUG: Haplo-edge: 28
[2025-12-07 01:38:20] DEBUG: Haplo-edge: 29
[2025-12-07 01:38:20] DEBUG: Haplo-edge: 31
[2025-12-07 01:38:20] DEBUG: Haplo-edge: 32
[2025-12-07 01:38:20] DEBUG: Haplo-edge: 34
[2025-12-07 01:38:20] DEBUG: Haplo-edge: 35
[2025-12-07 01:38:20] DEBUG: Haplo-edge: 37
[2025-12-07 01:38:20] DEBUG: Haplo-edge: 38
[2025-12-07 01:38:20] DEBUG: Haplo-edge: 40
[2025-12-07 01:38:20] DEBUG: Haplo-edge: 41
[2025-12-07 01:38:20] DEBUG: High-cov: 77 -> 68	9425	130
[2025-12-07 01:38:20] DEBUG: Repeat detection iteration 1
[2025-12-07 01:38:20] DEBUG: Starting 42 aln:113
[2025-12-07 01:38:20] DEBUG: 	      -27	num:39	flank:16876	span:5
[2025-12-07 01:38:20] DEBUG: 	      -12	num:66	flank:16212	span:5
[2025-12-07 01:38:20] DEBUG: Mult: 42	1122	111	 (0,1)
[2025-12-07 01:38:20] DEBUG: Starting -26 aln:147
[2025-12-07 01:38:20] DEBUG: 	      -25	num:39	flank:27356	span:3
[2025-12-07 01:38:20] DEBUG: 	      27	num:48	flank:17323	span:1
[2025-12-07 01:38:20] DEBUG: Mult: 26	9444	104	 (1,0)
[2025-12-07 01:38:20] DEBUG: Total unique edges: 73
[2025-12-07 01:38:20] DEBUG: [SIMPL] Resolved repeats: 0
[2025-12-07 01:38:20] DEBUG: RR links: 0
[2025-12-07 01:38:20] DEBUG: Unresolved: 0
[2025-12-07 01:38:20] DEBUG: Removed 0 simple and 0 double chimeric junctions
[2025-12-07 01:38:20] DEBUG: [SIMPL] Collapsed 5 haplotypes
[2025-12-07 01:38:20] DEBUG: [SIMPL] Resolved 0 simple repeats
[2025-12-07 01:38:20] DEBUG: Read coverage cutoff: 13
[2025-12-07 01:38:20] DEBUG: [SIMPL] Removed 0 paths with low coverage
[2025-12-07 01:38:20] DEBUG: Finding repeats
[2025-12-07 01:38:20] DEBUG: Read coverage cutoff: 13
[2025-12-07 01:38:20] DEBUG: Haplo-edge: 28
[2025-12-07 01:38:20] DEBUG: Haplo-edge: 29
[2025-12-07 01:38:20] DEBUG: Haplo-edge: 31
[2025-12-07 01:38:20] DEBUG: Haplo-edge: 32
[2025-12-07 01:38:20] DEBUG: Haplo-edge: 34
[2025-12-07 01:38:20] DEBUG: Haplo-edge: 35
[2025-12-07 01:38:20] DEBUG: Haplo-edge: 37
[2025-12-07 01:38:20] DEBUG: Haplo-edge: 38
[2025-12-07 01:38:20] DEBUG: Haplo-edge: 40
[2025-12-07 01:38:20] DEBUG: Haplo-edge: 41
[2025-12-07 01:38:20] DEBUG: High-cov: 77 -> 68	9425	130
[2025-12-07 01:38:20] DEBUG: Repeat detection iteration 1
[2025-12-07 01:38:20] DEBUG: Starting 42 aln:105
[2025-12-07 01:38:20] DEBUG: 	      -12	num:66	flank:1127	span:5
[2025-12-07 01:38:20] DEBUG: 	      -27	num:39	flank:1125	span:5
[2025-12-07 01:38:20] DEBUG: Starting -26 aln:87
[2025-12-07 01:38:20] DEBUG: 	      -25	num:39	flank:9495	span:3
[2025-12-07 01:38:20] DEBUG: 	      27	num:48	flank:9411	span:1
[2025-12-07 01:38:20] DEBUG: Mult: 26 -> 113 -> 30 -> 114 -> 33 -> 115 -> 36 -> 116 -> 39 -> 117 -> 42	49879	113	 (1,1)
[2025-12-07 01:38:20] DEBUG: Writing Dot
[2025-12-07 01:38:20] DEBUG: Writing FASTA
[2025-12-07 01:38:20] DEBUG: Peak RAM usage: 0 Gb
-----------End assembly log------------
[2025-12-07 01:38:21] root: INFO: >>>STAGE: contigger
[2025-12-07 01:38:21] root: INFO: Generating contigs
[2025-12-07 01:38:21] root: DEBUG: -----Begin contigger analyser log------
[2025-12-07 01:38:21] root: DEBUG: Running: flye-modules contigger --graph-edges /farmshare/user_data/llima23/repos/BIOS270-AU25/Writeups/writeup5/ecoli_flye_out/20-repeat/repeat_graph_edges.fasta --reads /farmshare/home/classes/bios/270/data/project1/SRR33251869.fastq --out-dir /farmshare/user_data/llima23/repos/BIOS270-AU25/Writeups/writeup5/ecoli_flye_out/30-contigger --config /opt/Flye-2.9.6/flye/config/bin_cfg/asm_raw_reads.cfg --repeat-graph /farmshare/user_data/llima23/repos/BIOS270-AU25/Writeups/writeup5/ecoli_flye_out/20-repeat/repeat_graph_dump --graph-aln /farmshare/user_data/llima23/repos/BIOS270-AU25/Writeups/writeup5/ecoli_flye_out/20-repeat/read_alignment_dump --log /farmshare/user_data/llima23/repos/BIOS270-AU25/Writeups/writeup5/ecoli_flye_out/flye.log --threads 32 --min-ovlp 1000
[2025-12-07 01:38:21] DEBUG: Build date: Nov  5 2025 04:53:01
[2025-12-07 01:38:21] DEBUG: Total RAM: 187 Gb
[2025-12-07 01:38:21] DEBUG: Available RAM: 121 Gb
[2025-12-07 01:38:21] DEBUG: Total CPUs: 80
[2025-12-07 01:38:21] DEBUG: Loading /opt/Flye-2.9.6/flye/config/bin_cfg/asm_raw_reads.cfg
[2025-12-07 01:38:21] DEBUG: Loading /opt/Flye-2.9.6/flye/config/bin_cfg/asm_defaults.cfg
[2025-12-07 01:38:21] DEBUG: 	big_genome_threshold=29000000
[2025-12-07 01:38:21] DEBUG: 	meta_read_filter_kmer_freq=100
[2025-12-07 01:38:21] DEBUG: 	chain_large_gap_penalty=2
[2025-12-07 01:38:21] DEBUG: 	chain_small_gap_penalty=0.5
[2025-12-07 01:38:21] DEBUG: 	chain_gap_jump_threshold=100
[2025-12-07 01:38:21] DEBUG: 	max_jump_gap=500
[2025-12-07 01:38:21] DEBUG: 	max_coverage_drop_rate=5
[2025-12-07 01:38:21] DEBUG: 	max_extensions_drop_rate=5
[2025-12-07 01:38:21] DEBUG: 	chimera_window=100
[2025-12-07 01:38:21] DEBUG: 	chimera_overhang=1000
[2025-12-07 01:38:21] DEBUG: 	min_reads_in_disjointig=4
[2025-12-07 01:38:21] DEBUG: 	max_inner_reads=10
[2025-12-07 01:38:21] DEBUG: 	max_inner_fraction=0.25
[2025-12-07 01:38:21] DEBUG: 	aggressive_dup_filter=1
[2025-12-07 01:38:21] DEBUG: 	max_separation=500
[2025-12-07 01:38:21] DEBUG: 	unique_edge_length=50000
[2025-12-07 01:38:21] DEBUG: 	min_repeat_res_support=0.51
[2025-12-07 01:38:21] DEBUG: 	out_paths_ratio=5
[2025-12-07 01:38:21] DEBUG: 	graph_cov_drop_rate=5
[2025-12-07 01:38:21] DEBUG: 	coverage_estimate_window=100
[2025-12-07 01:38:21] DEBUG: 	max_bubble_length=50000
[2025-12-07 01:38:21] DEBUG: 	loop_coverage_rate=1.5
[2025-12-07 01:38:21] DEBUG: 	repeat_edge_cov_mult=1.75
[2025-12-07 01:38:21] DEBUG: 	weak_detach_rate=5
[2025-12-07 01:38:21] DEBUG: 	tip_coverage_rate=2
[2025-12-07 01:38:21] DEBUG: 	tip_length_rate=2
[2025-12-07 01:38:21] DEBUG: 	output_gfa_before_rr=1
[2025-12-07 01:38:21] DEBUG: 	remove_alt_edges=0
[2025-12-07 01:38:21] DEBUG: 	low_cutoff_warning=1
[2025-12-07 01:38:21] DEBUG: 	kmer_size=17
[2025-12-07 01:38:21] DEBUG: 	use_minimizers=0
[2025-12-07 01:38:21] DEBUG: 	reads_base_alignment=0
[2025-12-07 01:38:21] DEBUG: 	meta_read_top_kmer_rate=0.40
[2025-12-07 01:38:21] DEBUG: 	maximum_jump=1500
[2025-12-07 01:38:21] DEBUG: 	maximum_overhang=1500
[2025-12-07 01:38:21] DEBUG: 	repeat_kmer_rate=100
[2025-12-07 01:38:21] DEBUG: 	assemble_ovlp_divergence=0.10
[2025-12-07 01:38:21] DEBUG: 	assemble_divergence_relative=1
[2025-12-07 01:38:21] DEBUG: 	repeat_graph_ovlp_divergence=0.08
[2025-12-07 01:38:21] DEBUG: 	read_align_ovlp_divergence=0.25
[2025-12-07 01:38:21] DEBUG: 	hpc_scoring_on=0
[2025-12-07 01:38:21] DEBUG: 	add_unassembled_reads=0
[2025-12-07 01:38:21] DEBUG: 	extend_contigs_with_repeats=0
[2025-12-07 01:38:21] DEBUG: 	min_read_cov_cutoff=3
[2025-12-07 01:38:21] DEBUG: 	short_tip_length=20000
[2025-12-07 01:38:21] DEBUG: 	long_tip_length=100000
[2025-12-07 01:38:21] DEBUG: Running with k-mer size: 17
[2025-12-07 01:38:21] DEBUG: Selected minimum overlap 1000
[2025-12-07 01:38:21] INFO: Reading sequences
[2025-12-07 01:38:22] DEBUG: Building positional index
[2025-12-07 01:38:22] DEBUG: Total sequence: 392310711 bp
[2025-12-07 01:38:22] DEBUG: Flipped 0
[2025-12-07 01:38:22] DEBUG: UPath 1: -25 -> -79 -> -22 -> -91 -> 21 -> 92 -> -17 -> 111 -> -11 -> -110 -> -6 -> 106 -> 5 -> -87 -> -76 -> -75 -> 82 -> 52 -> -90 -> 64 -> -89 -> -59 -> -99 -> 60 -> 84 -> -14 -> 83 -> 10 -> 102 -> -57 -> 107 -> -47 -> 98 -> 51 -> 93 -> -18 -> 80 -> 16 -> -109 -> 44 -> 94 -> 45 -> -86 -> 48 -> 85 -> -50 -> 104 -> 46 -> 88 -> 55 -> -108 -> -9 -> 101 -> 13 -> 100 -> -54 -> -105 -> -49 -> 97 -> -23 -> -81 -> 20 -> 95 -> -8 -> 112 -> 12
[2025-12-07 01:38:22] DEBUG: UPath 2: 26 -> 113 -> 30 -> 114 -> 33 -> 115 -> 36 -> 116 -> 39 -> 117 -> 42
[2025-12-07 01:38:22] DEBUG: UPath 3: 27
[2025-12-07 01:38:22] DEBUG: UPath 4: 28
[2025-12-07 01:38:22] DEBUG: UPath 5: 29
[2025-12-07 01:38:22] DEBUG: UPath 6: 31
[2025-12-07 01:38:22] DEBUG: UPath 7: 32
[2025-12-07 01:38:22] DEBUG: UPath 8: 34
[2025-12-07 01:38:22] DEBUG: UPath 9: 35
[2025-12-07 01:38:22] DEBUG: UPath 10: 37
[2025-12-07 01:38:22] DEBUG: UPath 11: 38
[2025-12-07 01:38:22] DEBUG: UPath 12: 40
[2025-12-07 01:38:22] DEBUG: UPath 13: 41
[2025-12-07 01:38:22] DEBUG: UPath 14: 65
[2025-12-07 01:38:22] DEBUG: UPath 15: 77 -> 68
[2025-12-07 01:38:22] DEBUG: UPath 16: 103 -> 78 -> -96 -> 73
[2025-12-07 01:38:22] DEBUG: UPath 17: 74
[2025-12-07 01:38:22] DEBUG: Final graph contains 17 egdes
[2025-12-07 01:38:22] DEBUG: Extending contigs into repeats
[2025-12-07 01:38:22] DEBUG: Covered 0 repetitive contigs
[2025-12-07 01:38:22] INFO: Generated 17 contigs
[2025-12-07 01:38:22] DEBUG: Writing FASTA
[2025-12-07 01:38:22] DEBUG: Generating scaffold connections
[2025-12-07 01:38:22] INFO: Added 0 scaffold connections
[2025-12-07 01:38:22] DEBUG: Writing Dot
[2025-12-07 01:38:23] DEBUG: Writing FASTA
[2025-12-07 01:38:23] DEBUG: Writing Gfa
[2025-12-07 01:38:23] DEBUG: Peak RAM usage: 0 Gb
-----------End assembly log------------
[2025-12-07 01:38:23] root: INFO: >>>STAGE: polishing
[2025-12-07 01:38:23] root: INFO: Polishing genome (1/1)
[2025-12-07 01:38:23] root: INFO: Running minimap2
[2025-12-07 01:41:20] root: INFO: Separating alignment into bubbles
[2025-12-07 01:43:11] root: DEBUG: Generated 353430 bubbles
[2025-12-07 01:43:11] root: DEBUG: Split 21 long bubbles
[2025-12-07 01:43:11] root: DEBUG: Skipped 13 empty bubbles
[2025-12-07 01:43:11] root: DEBUG: Skipped 1 bubbles with long branches
[2025-12-07 01:43:11] root: INFO: Alignment error rate: 0.021683
[2025-12-07 01:43:11] root: INFO: Correcting bubbles
[2025-12-07 01:44:19] root: DEBUG: Mean contig coverage: 72, selected threshold: 14
[2025-12-07 01:44:19] root: DEBUG: Filtered 5 contigs of total length 30573
[2025-12-07 01:44:20] root: DEBUG: Generating polished GFA
[2025-12-07 01:44:23] root: DEBUG: 1 sequences remained unpolished
[2025-12-07 01:44:23] root: INFO: >>>STAGE: finalize
[2025-12-07 01:44:24] root: DEBUG: ---Output dir contents:----
[2025-12-07 01:44:24] root: DEBUG: ecoli_flye_out/
[2025-12-07 01:44:24] root: DEBUG:     4.0 M       assembly_graph.gfa
[2025-12-07 01:44:24] root: DEBUG:     4.0 M       assembly.fasta
[2025-12-07 01:44:24] root: DEBUG:     62.0 K      flye.log
[2025-12-07 01:44:24] root: DEBUG:     3.0 K       assembly_graph.gv
[2025-12-07 01:44:24] root: DEBUG:     92.0 B      params.json
[2025-12-07 01:44:24] root: DEBUG:     20-repeat/
[2025-12-07 01:44:24] root: DEBUG:         20.0 K      repeat_graph_dump
[2025-12-07 01:44:24] root: DEBUG:         4.0 M       graph_before_rr.fasta
[2025-12-07 01:44:24] root: DEBUG:         5.0 M       repeat_graph_edges.fasta
[2025-12-07 01:44:24] root: DEBUG:         9.0 K       graph_before_rr.gv
[2025-12-07 01:44:24] root: DEBUG:         13.0 K      graph_after_rr.gv
[2025-12-07 01:44:24] root: DEBUG:         13.0 M      read_alignment_dump
[2025-12-07 01:44:24] root: DEBUG:         4.0 M       graph_before_rr.gfa
[2025-12-07 01:44:24] root: DEBUG:     00-assembly/
[2025-12-07 01:44:24] root: DEBUG:         161.0 B     draft_assembly.fasta.fai
[2025-12-07 01:44:24] root: DEBUG:         5.0 M       draft_assembly.fasta
[2025-12-07 01:44:24] root: DEBUG:     40-polishing/
[2025-12-07 01:44:24] root: DEBUG:         245.0 B     filtered_stats.txt
[2025-12-07 01:44:24] root: DEBUG:         345.0 B     filtered_contigs.fasta.fai
[2025-12-07 01:44:24] root: DEBUG:         329.0 B     contigs_stats.txt
[2025-12-07 01:44:24] root: DEBUG:         1.0 M       base_coverage.bed.gz
[2025-12-07 01:44:24] root: DEBUG:         970.0 B     minimap.stderr
[2025-12-07 01:44:24] root: DEBUG:         78.0 K      minimap_1.bam.csi
[2025-12-07 01:44:24] root: DEBUG:         4.0 M       filtered_contigs.fasta
[2025-12-07 01:44:24] root: DEBUG:         4.0 M       polished_edges.gfa
[2025-12-07 01:44:24] root: DEBUG:         254.0 B     edges_aln.bam.csi
[2025-12-07 01:44:24] root: DEBUG:     30-contigger/
[2025-12-07 01:44:24] root: DEBUG:         4.0 M       graph_final.gfa
[2025-12-07 01:44:24] root: DEBUG:         4.0 M       contigs.fasta
[2025-12-07 01:44:24] root: DEBUG:         3.0 K       graph_final.gv
[2025-12-07 01:44:24] root: DEBUG:         488.0 B     contigs.fasta.fai
[2025-12-07 01:44:24] root: DEBUG:         662.0 B     contigs_stats.txt
[2025-12-07 01:44:24] root: DEBUG:         0.0 B       scaffolds_links.txt
[2025-12-07 01:44:24] root: DEBUG:         4.0 M       graph_final.fasta
[2025-12-07 01:44:24] root: DEBUG:     10-consensus/
[2025-12-07 01:44:24] root: DEBUG:         992.0 B     minimap.stderr
[2025-12-07 01:44:24] root: DEBUG:         5.0 M       consensus.fasta
[2025-12-07 01:44:24] root: DEBUG:         79.0 K      minimap.bam.csi
[2025-12-07 01:44:24] root: DEBUG: --------------------------
[2025-12-07 01:44:24] root: INFO: Assembly statistics:

	Total length:	5072127
	Fragments:	12
	Fragments N50:	4733170
	Largest frg:	4733170
	Scaffolds:	0
	Mean coverage:	72

[2025-12-07 01:44:24] root: INFO: Final assembly: /farmshare/user_data/llima23/repos/BIOS270-AU25/Writeups/writeup5/ecoli_flye_out/assembly.fasta
